[  369886ms] [ERROR] Failed to load resource: the server responded with a status of 500 (Internal Server Error) @ http://localhost:3003/admin/social?_rsc=dfxbj:0
[  369923ms] [ERROR] Failed to load resource: the server responded with a status of 500 (Internal Server Error) @ http://localhost:3003/admin/social?_rsc=dfxbj:0
[  369954ms] [ERROR] Failed to load resource: the server responded with a status of 500 (Internal Server Error) @ http://localhost:3003/admin/social?_rsc=dfxbj:0
[  369980ms] [ERROR] Failed to load resource: the server responded with a status of 500 (Internal Server Error) @ http://localhost:3003/admin/social?_rsc=dfxbj:0
[  370019ms] [ERROR] Failed to fetch social projects: TypeError: Failed to fetch
    at fetchProjects (webpack-internal:///(app-pages-browser)/./src/app/admin/social/page.tsx:39:36)
    at handleRefresh (webpack-internal:///(app-pages-browser)/./src/app/admin/social/page.tsx:108:23) @ webpack-internal:///(app-pages-browser)/./node_modules/next/dist/client/app-index.js:32
[  370020ms] [ERROR] Failed to load resource: the server responded with a status of 500 (Internal Server Error) @ http://localhost:3003/admin/social:0
[  370303ms] Error: Cannot find module './276.js'
Require stack:
- C:\Users\drilo\workspace\drilon\counter\.next\server\webpack-runtime.js
- C:\Users\drilo\workspace\drilon\counter\.next\server\pages\_document.js
- C:\Users\drilo\workspace\drilon\counter\node_modules\next\dist\server\require.js
- C:\Users\drilo\workspace\drilon\counter\node_modules\next\dist\server\load-components.js
- C:\Users\drilo\workspace\drilon\counter\node_modules\next\dist\build\utils.js
- C:\Users\drilo\workspace\drilon\counter\node_modules\next\dist\server\dev\hot-middleware.js
- C:\Users\drilo\workspace\drilon\counter\node_modules\next\dist\server\dev\hot-reloader-webpack.js
- C:\Users\drilo\workspace\drilon\counter\node_modules\next\dist\server\lib\router-utils\setup-dev-bundler.js
- C:\Users\drilo\workspace\drilon\counter\node_modules\next\dist\server\lib\router-server.js
- C:\Users\drilo\workspace\drilon\counter\node_modules\next\dist\server\lib\start-server.js
    at Function.<anonymous> (node:internal/modules/cjs/loader:1383:15)
    at <unknown> (file://C:\Users\drilo\workspace\drilon\counter\node_modules\next\dist\server\require-hook.js:55:36)
    at defaultResolveImpl (node:internal/modules/cjs/loader:1025:19)
    at resolveForCJSWithHooks (node:internal/modules/cjs/loader:1030:22)
    at Function._load (node:internal/modules/cjs/loader:1192:37)
    at TracingChannel.traceSync (node:diagnostics_channel:322:14)
    at wrapModuleLoad (node:internal/modules/cjs/loader:237:24)
    at Module.<anonymous> (node:internal/modules/cjs/loader:1463:12)
    at mod.require (file://C:\Users\drilo\workspace\drilon\counter\node_modules\next\dist\server\require-hook.js:65:28)
    at require (node:internal/modules/helpers:147:16)
    at __webpack_require__.f.require (file://C:\Users\drilo\workspace\drilon\counter\.next\server\webpack-runtime.js:203:28)
    at <unknown> (file://C:\Users\drilo\workspace\drilon\counter\.next\server\webpack-runtime.js:116:40)
    at Array.reduce (<anonymous>)
    at __webpack_require__.e (file://C:\Users\drilo\workspace\drilon\counter\.next\server\webpack-runtime.js:115:67)
    at Array.map (<anonymous>)
    at __webpack_require__.X (file://C:\Users\drilo\workspace\drilon\counter\.next\server\webpack-runtime.js:167:22)
    at <unknown> (file://C:\Users\drilo\workspace\drilon\counter\.next\server\app\admin\social\page.js:1:22708)
    at Object.<anonymous> (file://C:\Users\drilo\workspace\drilon\counter\.next\server\app\admin\social\page.js:1:22757)
    at Module._compile (node:internal/modules/cjs/loader:1706:14)
    at Object..js (node:internal/modules/cjs/loader:1839:10)
    at Module.load (node:internal/modules/cjs/loader:1441:32)
    at Function._load (node:internal/modules/cjs/loader:1263:12)
    at TracingChannel.traceSync (node:diagnostics_channel:322:14)
    at wrapModuleLoad (node:internal/modules/cjs/loader:237:24)
    at Module.<anonymous> (node:internal/modules/cjs/loader:1463:12)
    at mod.require (file://C:\Users\drilo\workspace\drilon\counter\node_modules\next\dist\server\require-hook.js:65:28)
    at require (node:internal/modules/helpers:147:16)
    at requirePage (file://C:\Users\drilo\workspace\drilon\counter\node_modules\next\dist\server\require.js:109:84)
    at <unknown> (file://C:\Users\drilo\workspace\drilon\counter\node_modules\next\dist\server\load-components.js:98:84)
    at async loadComponentsImpl (file://C:\Users\drilo\workspace\drilon\counter\node_modules\next\dist\server\load-components.js:98:26)
    at async DevServer.findPageComponentsImpl (file://C:\Users\drilo\workspace\drilon\counter\node_modules\next\dist\server\next-server.js:709:36)
    at async DevServer.findPageComponents (file://C:\Users\drilo\workspace\drilon\counter\node_modules\next\dist\server\dev\next-dev-server.js:577:20)
    at async DevServer.renderPageComponent (file://C:\Users\drilo\workspace\drilon\counter\node_modules\next\dist\server\base-server.js:1897:24)
    at async DevServer.renderToResponseImpl (file://C:\Users\drilo\workspace\drilon\counter\node_modules\next\dist\server\base-server.js:1949:32)
    at async DevServer.pipeImpl (file://C:\Users\drilo\workspace\drilon\counter\node_modules\next\dist\server\base-server.js:921:25)
    at async NextNodeServer.handleCatchallRenderRequest (file://C:\Users\drilo\workspace\drilon\counter\node_modules\next\dist\server\next-server.js:272:17)
    at async DevServer.handleRequestImpl (file://C:\Users\drilo\workspace\drilon\counter\node_modules\next\dist\server\base-server.js:817:17)
    at async (file://C:\Users\drilo\workspace\drilon\counter\node_modules\next\dist\server\dev\next-dev-server.js:339:20)
    at async Span.traceAsyncFn (file://C:\Users\drilo\workspace\drilon\counter\node_modules\next\dist\trace\trace.js:154:20)
    at async DevServer.handleRequest (file://C:\Users\drilo\workspace\drilon\counter\node_modules\next\dist\server\dev\next-dev-server.js:336:24)
    at async invokeRender (file://C:\Users\drilo\workspace\drilon\counter\node_modules\next\dist\server\lib\router-server.js:173:21)
    at async handleRequest (file://C:\Users\drilo\workspace\drilon\counter\node_modules\next\dist\server\lib\router-server.js:350:24)
    at async requestHandlerImpl (file://C:\Users\drilo\workspace\drilon\counter\node_modules\next\dist\server\lib\router-server.js:374:13)
    at async Server.requestListener (file://C:\Users\drilo\workspace\drilon\counter\node_modules\next\dist\server\lib\start-server.js:141:13)
[  379389ms] [ERROR] Failed to load resource: the server responded with a status of 500 (Internal Server Error) @ http://localhost:3003/admin/social:0
[  379664ms] [ERROR] Failed to load resource: the server responded with a status of 404 (Not Found) @ http://localhost:3003/_next/static/chunks/webpack.js:0
[  379665ms] [ERROR] Failed to load resource: the server responded with a status of 404 (Not Found) @ http://localhost:3003/_next/static/chunks/main.js:0
[  379666ms] [ERROR] Failed to load resource: the server responded with a status of 404 (Not Found) @ http://localhost:3003/_next/static/chunks/react-refresh.js:0
[  379666ms] [ERROR] Failed to load resource: the server responded with a status of 404 (Not Found) @ http://localhost:3003/_next/static/development/_buildManifest.js:0
[  379667ms] [ERROR] Failed to load resource: the server responded with a status of 404 (Not Found) @ http://localhost:3003/_next/static/chunks/pages/_app.js:0
[  379667ms] [ERROR] Failed to load resource: the server responded with a status of 404 (Not Found) @ http://localhost:3003/_next/static/chunks/pages/_error.js:0
[  391975ms] [ERROR] Failed to load resource: the server responded with a status of 404 (Not Found) @ http://localhost:3003/admin/social:0
[  392207ms] [ERROR] Failed to load resource: the server responded with a status of 404 (Not Found) @ http://localhost:3003/admin/social:0
[  393454ms] [ERROR] Failed to load resource: the server responded with a status of 404 (Not Found) @ http://localhost:3003/admin/social:0
[  393690ms] [ERROR] Failed to load resource: the server responded with a status of 404 (Not Found) @ http://localhost:3003/admin/social:0
[  393949ms] [ERROR] Failed to load resource: the server responded with a status of 404 (Not Found) @ http://localhost:3003/admin/social:0
[  394461ms] [ERROR] Failed to load resource: the server responded with a status of 500 (Internal Server Error) @ http://localhost:3003/admin/social:0
[  394522ms] [ERROR] Failed to load resource: the server responded with a status of 404 (Not Found) @ http://localhost:3003/_next/static/chunks/fallback/webpack.js:0
[  394522ms] [ERROR] Failed to load resource: the server responded with a status of 404 (Not Found) @ http://localhost:3003/_next/static/chunks/fallback/main.js:0
[  394523ms] [ERROR] Failed to load resource: the server responded with a status of 404 (Not Found) @ http://localhost:3003/_next/static/chunks/fallback/react-refresh.js:0
[  394524ms] [ERROR] Failed to load resource: the server responded with a status of 404 (Not Found) @ http://localhost:3003/_next/static/chunks/fallback/pages/_app.js:0
[  394524ms] [ERROR] Failed to load resource: the server responded with a status of 404 (Not Found) @ http://localhost:3003/_next/static/chunks/fallback/pages/_error.js:0
[  395043ms] [ERROR] Failed to load resource: the server responded with a status of 500 (Internal Server Error) @ http://localhost:3003/admin/social:0
[  395092ms] [ERROR] Failed to load resource: the server responded with a status of 404 (Not Found) @ http://localhost:3003/_next/static/chunks/fallback/webpack.js:0
[  395092ms] [ERROR] Failed to load resource: the server responded with a status of 404 (Not Found) @ http://localhost:3003/_next/static/chunks/fallback/main.js:0
[  395093ms] [ERROR] Failed to load resource: the server responded with a status of 404 (Not Found) @ http://localhost:3003/_next/static/chunks/fallback/react-refresh.js:0
[  395094ms] [ERROR] Failed to load resource: the server responded with a status of 404 (Not Found) @ http://localhost:3003/_next/static/chunks/fallback/pages/_app.js:0
[  395094ms] [ERROR] Failed to load resource: the server responded with a status of 404 (Not Found) @ http://localhost:3003/_next/static/chunks/fallback/pages/_error.js:0
[  395099ms] [ERROR] Failed to load resource: the server responded with a status of 404 (Not Found) @ http://localhost:3003/favicon.ico:0
[  395881ms] [ERROR] Failed to load resource: the server responded with a status of 500 (Internal Server Error) @ http://localhost:3003/admin/social:0
[  395940ms] [ERROR] Failed to load resource: the server responded with a status of 404 (Not Found) @ http://localhost:3003/_next/static/chunks/fallback/webpack.js:0
[  395940ms] [ERROR] Failed to load resource: the server responded with a status of 404 (Not Found) @ http://localhost:3003/_next/static/chunks/fallback/react-refresh.js:0
[  395940ms] [ERROR] Failed to load resource: the server responded with a status of 404 (Not Found) @ http://localhost:3003/_next/static/chunks/fallback/main.js:0
[  395941ms] [ERROR] Failed to load resource: the server responded with a status of 404 (Not Found) @ http://localhost:3003/_next/static/chunks/fallback/pages/_app.js:0
[  395941ms] [ERROR] Failed to load resource: the server responded with a status of 404 (Not Found) @ http://localhost:3003/_next/static/chunks/fallback/pages/_error.js:0
[  397862ms] [ERROR] Failed to load resource: the server responded with a status of 500 (Internal Server Error) @ http://localhost:3003/admin/social:0
[  397918ms] [ERROR] Failed to load resource: the server responded with a status of 404 (Not Found) @ http://localhost:3003/_next/static/chunks/fallback/main.js:0
[  397919ms] [ERROR] Failed to load resource: the server responded with a status of 404 (Not Found) @ http://localhost:3003/_next/static/chunks/fallback/webpack.js:0
[  397919ms] [ERROR] Failed to load resource: the server responded with a status of 404 (Not Found) @ http://localhost:3003/_next/static/chunks/fallback/react-refresh.js:0
[  397920ms] [ERROR] Failed to load resource: the server responded with a status of 404 (Not Found) @ http://localhost:3003/_next/static/chunks/fallback/pages/_app.js:0
[  397920ms] [ERROR] Failed to load resource: the server responded with a status of 404 (Not Found) @ http://localhost:3003/_next/static/chunks/fallback/pages/_error.js:0
[  397925ms] [ERROR] Failed to load resource: the server responded with a status of 404 (Not Found) @ http://localhost:3003/favicon.ico:0
[  398337ms] [ERROR] Failed to load resource: the server responded with a status of 500 (Internal Server Error) @ http://localhost:3003/admin/social:0
[  398402ms] [ERROR] Failed to load resource: the server responded with a status of 404 (Not Found) @ http://localhost:3003/_next/static/chunks/fallback/webpack.js:0
[  398403ms] [ERROR] Failed to load resource: the server responded with a status of 404 (Not Found) @ http://localhost:3003/_next/static/chunks/fallback/main.js:0
[  398404ms] [ERROR] Failed to load resource: the server responded with a status of 404 (Not Found) @ http://localhost:3003/_next/static/chunks/fallback/react-refresh.js:0
[  398404ms] [ERROR] Failed to load resource: the server responded with a status of 404 (Not Found) @ http://localhost:3003/_next/static/chunks/fallback/pages/_app.js:0
[  398404ms] [ERROR] Failed to load resource: the server responded with a status of 404 (Not Found) @ http://localhost:3003/_next/static/chunks/fallback/pages/_error.js:0
[  398787ms] [ERROR] Failed to load resource: the server responded with a status of 500 (Internal Server Error) @ http://localhost:3003/admin/social:0
[  398844ms] [ERROR] Failed to load resource: the server responded with a status of 404 (Not Found) @ http://localhost:3003/_next/static/chunks/fallback/webpack.js:0
[  398844ms] [ERROR] Failed to load resource: the server responded with a status of 404 (Not Found) @ http://localhost:3003/_next/static/chunks/fallback/main.js:0
[  398845ms] [ERROR] Failed to load resource: the server responded with a status of 404 (Not Found) @ http://localhost:3003/_next/static/chunks/fallback/react-refresh.js:0
[  398845ms] [ERROR] Failed to load resource: the server responded with a status of 404 (Not Found) @ http://localhost:3003/_next/static/chunks/fallback/pages/_app.js:0
[  398846ms] [ERROR] Failed to load resource: the server responded with a status of 404 (Not Found) @ http://localhost:3003/_next/static/chunks/fallback/pages/_error.js:0
[  399033ms] [ERROR] Failed to load resource: the server responded with a status of 500 (Internal Server Error) @ http://localhost:3003/admin/social:0
[  399095ms] [ERROR] Failed to load resource: the server responded with a status of 404 (Not Found) @ http://localhost:3003/_next/static/chunks/fallback/webpack.js:0
[  399095ms] [ERROR] Failed to load resource: the server responded with a status of 404 (Not Found) @ http://localhost:3003/_next/static/chunks/fallback/main.js:0
[  399096ms] [ERROR] Failed to load resource: the server responded with a status of 404 (Not Found) @ http://localhost:3003/_next/static/chunks/fallback/react-refresh.js:0
[  399096ms] [ERROR] Failed to load resource: the server responded with a status of 404 (Not Found) @ http://localhost:3003/_next/static/chunks/fallback/pages/_app.js:0
[  399096ms] [ERROR] Failed to load resource: the server responded with a status of 404 (Not Found) @ http://localhost:3003/_next/static/chunks/fallback/pages/_error.js:0
[  399213ms] [ERROR] Failed to load resource: the server responded with a status of 500 (Internal Server Error) @ http://localhost:3003/admin/social:0
[  399267ms] [ERROR] Failed to load resource: the server responded with a status of 404 (Not Found) @ http://localhost:3003/_next/static/chunks/fallback/webpack.js:0
[  399267ms] [ERROR] Failed to load resource: the server responded with a status of 404 (Not Found) @ http://localhost:3003/_next/static/chunks/fallback/main.js:0
[  399267ms] [ERROR] Failed to load resource: the server responded with a status of 404 (Not Found) @ http://localhost:3003/_next/static/chunks/fallback/pages/_app.js:0
[  399267ms] [ERROR] Failed to load resource: the server responded with a status of 404 (Not Found) @ http://localhost:3003/_next/static/chunks/fallback/react-refresh.js:0
[  399268ms] [ERROR] Failed to load resource: the server responded with a status of 404 (Not Found) @ http://localhost:3003/_next/static/chunks/fallback/pages/_error.js:0
[  402165ms] [ERROR] Failed to load resource: the server responded with a status of 500 (Internal Server Error) @ http://localhost:3003/admin/social:0
[  402217ms] [ERROR] Failed to load resource: the server responded with a status of 404 (Not Found) @ http://localhost:3003/_next/static/chunks/fallback/webpack.js:0
[  402217ms] [ERROR] Failed to load resource: the server responded with a status of 404 (Not Found) @ http://localhost:3003/_next/static/chunks/fallback/main.js:0
[  402218ms] [ERROR] Failed to load resource: the server responded with a status of 404 (Not Found) @ http://localhost:3003/_next/static/chunks/fallback/react-refresh.js:0
[  402218ms] [ERROR] Failed to load resource: the server responded with a status of 404 (Not Found) @ http://localhost:3003/_next/static/chunks/fallback/pages/_app.js:0
[  402218ms] [ERROR] Failed to load resource: the server responded with a status of 404 (Not Found) @ http://localhost:3003/_next/static/chunks/fallback/pages/_error.js:0
[  402223ms] [ERROR] Failed to load resource: the server responded with a status of 404 (Not Found) @ http://localhost:3003/favicon.ico:0
[  402521ms] [ERROR] Failed to load resource: the server responded with a status of 500 (Internal Server Error) @ http://localhost:3003/admin/social:0
[  402584ms] [ERROR] Failed to load resource: the server responded with a status of 404 (Not Found) @ http://localhost:3003/_next/static/chunks/fallback/webpack.js:0
[  402584ms] [ERROR] Failed to load resource: the server responded with a status of 404 (Not Found) @ http://localhost:3003/_next/static/chunks/fallback/main.js:0
[  402584ms] [ERROR] Failed to load resource: the server responded with a status of 404 (Not Found) @ http://localhost:3003/_next/static/chunks/fallback/react-refresh.js:0
[  402585ms] [ERROR] Failed to load resource: the server responded with a status of 404 (Not Found) @ http://localhost:3003/_next/static/chunks/fallback/pages/_app.js:0
[  402585ms] [ERROR] Failed to load resource: the server responded with a status of 404 (Not Found) @ http://localhost:3003/_next/static/chunks/fallback/pages/_error.js:0
[  413768ms] [ERROR] Failed to load resource: the server responded with a status of 500 (Internal Server Error) @ http://localhost:3003/admin/social:0
[  413811ms] [ERROR] Failed to load resource: the server responded with a status of 404 (Not Found) @ http://localhost:3003/_next/static/chunks/fallback/webpack.js:0
[  413812ms] [ERROR] Failed to load resource: the server responded with a status of 404 (Not Found) @ http://localhost:3003/_next/static/chunks/fallback/react-refresh.js:0
[  413813ms] [ERROR] Failed to load resource: the server responded with a status of 404 (Not Found) @ http://localhost:3003/_next/static/chunks/fallback/pages/_app.js:0
[  413813ms] [ERROR] Failed to load resource: the server responded with a status of 404 (Not Found) @ http://localhost:3003/_next/static/chunks/fallback/pages/_error.js:0
[  413813ms] [ERROR] Failed to load resource: the server responded with a status of 404 (Not Found) @ http://localhost:3003/_next/static/chunks/fallback/main.js:0
[  414443ms] [ERROR] Failed to load resource: the server responded with a status of 500 (Internal Server Error) @ http://localhost:3003/admin/social:0
[  414498ms] [ERROR] Failed to load resource: the server responded with a status of 404 (Not Found) @ http://localhost:3003/_next/static/chunks/fallback/webpack.js:0
[  414499ms] [ERROR] Failed to load resource: the server responded with a status of 404 (Not Found) @ http://localhost:3003/_next/static/chunks/fallback/main.js:0
[  414499ms] [ERROR] Failed to load resource: the server responded with a status of 404 (Not Found) @ http://localhost:3003/_next/static/chunks/fallback/react-refresh.js:0
[  414499ms] [ERROR] Failed to load resource: the server responded with a status of 404 (Not Found) @ http://localhost:3003/_next/static/chunks/fallback/pages/_app.js:0
[  414499ms] [ERROR] Failed to load resource: the server responded with a status of 404 (Not Found) @ http://localhost:3003/_next/static/chunks/fallback/pages/_error.js:0
[  415004ms] [ERROR] Failed to load resource: the server responded with a status of 500 (Internal Server Error) @ http://localhost:3003/admin/social:0
[  415059ms] [ERROR] Failed to load resource: the server responded with a status of 404 (Not Found) @ http://localhost:3003/_next/static/chunks/fallback/main.js:0
[  415060ms] [ERROR] Failed to load resource: the server responded with a status of 404 (Not Found) @ http://localhost:3003/_next/static/chunks/fallback/react-refresh.js:0
[  415060ms] [ERROR] Failed to load resource: the server responded with a status of 404 (Not Found) @ http://localhost:3003/_next/static/chunks/fallback/webpack.js:0
[  415060ms] [ERROR] Failed to load resource: the server responded with a status of 404 (Not Found) @ http://localhost:3003/_next/static/chunks/fallback/pages/_app.js:0
[  415060ms] [ERROR] Failed to load resource: the server responded with a status of 404 (Not Found) @ http://localhost:3003/_next/static/chunks/fallback/pages/_error.js:0
[  449269ms] [ERROR] Failed to load resource: the server responded with a status of 404 (Not Found) @ http://localhost:3003/admin/social:0
[  449283ms] [ERROR] Failed to load resource: the server responded with a status of 404 (Not Found) @ http://localhost:3003/admin/social:0
[  450304ms] [ERROR] Failed to load resource: the server responded with a status of 404 (Not Found) @ http://localhost:3003/admin/social:0
[  451326ms] [ERROR] Failed to load resource: the server responded with a status of 404 (Not Found) @ http://localhost:3003/admin/social:0
[  452351ms] [ERROR] Failed to load resource: the server responded with a status of 404 (Not Found) @ http://localhost:3003/admin/social:0
[  453366ms] [ERROR] Failed to load resource: the server responded with a status of 404 (Not Found) @ http://localhost:3003/admin/social:0
[  454385ms] [ERROR] Failed to load resource: the server responded with a status of 404 (Not Found) @ http://localhost:3003/admin/social:0
[  455404ms] [ERROR] Failed to load resource: the server responded with a status of 404 (Not Found) @ http://localhost:3003/admin/social:0
[  456427ms] [ERROR] Failed to load resource: the server responded with a status of 404 (Not Found) @ http://localhost:3003/admin/social:0
[  457445ms] [ERROR] Failed to load resource: the server responded with a status of 404 (Not Found) @ http://localhost:3003/admin/social:0
[  458461ms] [ERROR] Failed to load resource: the server responded with a status of 404 (Not Found) @ http://localhost:3003/admin/social:0
[  459487ms] [ERROR] Failed to load resource: the server responded with a status of 404 (Not Found) @ http://localhost:3003/admin/social:0
[  460508ms] [ERROR] Failed to load resource: the server responded with a status of 404 (Not Found) @ http://localhost:3003/admin/social:0
[  461527ms] [ERROR] Failed to load resource: the server responded with a status of 404 (Not Found) @ http://localhost:3003/admin/social:0
[  462029ms] [ERROR] Failed to load resource: the server responded with a status of 404 (Not Found) @ http://localhost:3004/favicon.ico:0
[  481392ms] [ERROR] Failed to load resource: the server responded with a status of 401 (Unauthorized) @ http://localhost:3004/api/admin/social/fetch-metrics:0
