[      86ms] [WARNING] Reflect is already polyfilled. @ https://sf16-website-login.neutral.tiktokcdn-eu.com/obj/tiktok_web_login_static_eu/tiktok/webapp/main/vdp-bad/webapp-desktop/static/js/webapp-desktop.fa929d96.js:0
[     121ms] [WARNING] AppContext will be overwritten @ https://sf16-website-login.neutral.tiktokcdn-eu.com/obj/tiktok_web_login_static_eu/tiktok/webapp/main/vdp-bad/webapp-desktop/static/js/webapp-desktop.fa929d96.js:0
[     121ms] [WARNING] AppContext will be overwritten @ https://sf16-website-login.neutral.tiktokcdn-eu.com/obj/tiktok_web_login_static_eu/tiktok/webapp/main/vdp-bad/webapp-desktop/static/js/webapp-desktop.fa929d96.js:0
[     121ms] [WARNING] AppContext will be overwritten @ https://sf16-website-login.neutral.tiktokcdn-eu.com/obj/tiktok_web_login_static_eu/tiktok/webapp/main/vdp-bad/webapp-desktop/static/js/webapp-desktop.fa929d96.js:0
[     121ms] [WARNING] AppContext will be overwritten @ https://sf16-website-login.neutral.tiktokcdn-eu.com/obj/tiktok_web_login_static_eu/tiktok/webapp/main/vdp-bad/webapp-desktop/static/js/webapp-desktop.fa929d96.js:0
[     121ms] [WARNING] AppContext will be overwritten @ https://sf16-website-login.neutral.tiktokcdn-eu.com/obj/tiktok_web_login_static_eu/tiktok/webapp/main/vdp-bad/webapp-desktop/static/js/webapp-desktop.fa929d96.js:0
[     121ms] [WARNING] AppContext will be overwritten @ https://sf16-website-login.neutral.tiktokcdn-eu.com/obj/tiktok_web_login_static_eu/tiktok/webapp/main/vdp-bad/webapp-desktop/static/js/webapp-desktop.fa929d96.js:0
[     122ms] [WARNING] AppContext will be overwritten @ https://sf16-website-login.neutral.tiktokcdn-eu.com/obj/tiktok_web_login_static_eu/tiktok/webapp/main/vdp-bad/webapp-desktop/static/js/webapp-desktop.fa929d96.js:0
[     122ms] [WARNING] AppContext will be overwritten @ https://sf16-website-login.neutral.tiktokcdn-eu.com/obj/tiktok_web_login_static_eu/tiktok/webapp/main/vdp-bad/webapp-desktop/static/js/webapp-desktop.fa929d96.js:0
[     148ms] [WARNING] AppContext will be overwritten @ https://sf16-website-login.neutral.tiktokcdn-eu.com/obj/tiktok_web_login_static_eu/tiktok/webapp/main/vdp-bad/webapp-desktop/static/js/webapp-desktop.fa929d96.js:0
[     151ms] [WARNING] AppContext will be overwritten @ https://sf16-website-login.neutral.tiktokcdn-eu.com/obj/tiktok_web_login_static_eu/tiktok/webapp/main/vdp-bad/webapp-desktop/static/js/webapp-desktop.fa929d96.js:0
[     152ms] [WARNING] loadable: `loadableReady()` requires state, please use `getScriptTags` or `getScriptElements` server-side @ https://sf16-website-login.neutral.tiktokcdn-eu.com/obj/tiktok_web_login_static_eu/tiktok/webapp/main/vdp-bad/webapp-desktop/static/js/13799.d163d896.js:1
[     449ms] [WARNING] Unmuting failed and the element was paused instead because the user didn't interact with the document before. https://goo.gl/xX8pDD @ https://sf16-website-login.neutral.tiktokcdn-eu.com/obj/tiktok_web_login_static_eu/tiktok/webapp/main/vdp-bad/webapp-desktop/static/js/async/68462.f7fda81c.js:0
[     452ms] [WARNING] [00:00.955][warn][controller](1) NotAllowedError: play() failed because the user didn't interact with the document first. https://goo.gl/xX8pDD @ https://sf16-website-login.neutral.tiktokcdn-eu.com/obj/tiktok_web_login_static_eu/tiktok/webapp/main/vdp-bad/webapp-desktop/static/js/async/68462.f7fda81c.js:0
[     458ms] [WARNING] [00:00.960][warn][controller](1) AbortError: The play() request was interrupted by a call to pause(). https://goo.gl/LdLk22 @ https://sf16-website-login.neutral.tiktokcdn-eu.com/obj/tiktok_web_login_static_eu/tiktok/webapp/main/vdp-bad/webapp-desktop/static/js/async/68462.f7fda81c.js:0
[     458ms] [WARNING] [00:00.961][warn][controller](1) AbortError: The play() request was interrupted by a call to pause(). https://goo.gl/LdLk22 @ https://sf16-website-login.neutral.tiktokcdn-eu.com/obj/tiktok_web_login_static_eu/tiktok/webapp/main/vdp-bad/webapp-desktop/static/js/async/68462.f7fda81c.js:0
[     497ms] [WARNING] The AudioContext was not allowed to start. It must be resumed (or created) after a user gesture on the page. https://developer.chrome.com/blog/autoplay/#web_audio @ https://sf16-website-login.neutral.tiktokcdn-eu.com/obj/tiktok_web_login_static_eu/tiktok/webapp/main/vdp-bad/webapp-desktop/static/js/async/16060.11314751.js:21
[     500ms] [WARNING] [SDK] 1770704998406        0 already inited @ https://sf16-website-login.neutral.tiktokcdn-eu.com/obj/tiktok_web_login_static_eu/slardar/fe/sdk-web/browser.euttp.js?bid=tiktok_webapp&globalName=SlardarClient:0
[     511ms] [WARNING] filter merge event: sibyl_sdk_collector_init_result error, pls check Converting circular structure to JSON
    --> starting at object with constructor 'e'
    |     property 'pluginInstances' -> object with constructor 'Array'
    |     index 0 -> object with constructor 'e'
    --- property 'collect' closes the circle @ https://sf16-website-login.neutral.tiktokcdn-eu.com/obj/tiktok_web_login_static_eu/tiktok/webapp/main/vdp-bad/webapp-desktop/static/js/npm-dp-byted-tea-sdk-oversea.5fea89cf.js:0
[     547ms] [WARNING] The AudioContext was not allowed to start. It must be resumed (or created) after a user gesture on the page. https://developer.chrome.com/blog/autoplay/#web_audio @ https://sf16-website-login.neutral.tiktokcdn-eu.com/obj/tiktok_web_login_static_eu/tiktok/webapp/main/vdp-bad/webapp-desktop/static/js/async/16060.11314751.js:21
[     548ms] [WARNING] [TikTok desktop app SDK Monitor]:   WARN:[printFirstFeedShow]The current environment is not inside the client. @ https://sf16-website-login.neutral.tiktokcdn-eu.com/obj/tiktok_web_login_static_eu/tiktok/webapp/main/vdp-bad/webapp-desktop/static/js/webapp-desktop.fa929d96.js:0
[     549ms] [WARNING] The AudioContext was not allowed to start. It must be resumed (or created) after a user gesture on the page. https://developer.chrome.com/blog/autoplay/#web_audio @ https://sf16-website-login.neutral.tiktokcdn-eu.com/obj/tiktok_web_login_static_eu/tiktok/webapp/main/vdp-bad/webapp-desktop/static/js/async/16060.11314751.js:21
