[     767ms] [ERROR] The Content Security Policy directive 'upgrade-insecure-requests' is ignored when delivered in a report-only policy. @ https://www.tiktok.com/login?redirect_url=https%3A%2F%2Fwww.tiktok.com%2F%40drilonhametajdev%2Fvideo%2F7604161794524990742%3Fis_from_webapp%3D1%26sender_device%3Dpc%26web_id%3D7581427738466551318&lang=en&enter_method=mandatory:0
[     914ms] [WARNING] Reflect is already polyfilled. @ https://sf16-website-login.neutral.ttwstatic.com/obj/tiktok_web_login_static/tiktok/webapp/login/webapp-login-page/webapp-login-page.8047b8134cb7bcde5428.js:0
[    1043ms] [WARNING] InvalidCharacterError: Failed to execute 'atob' on 'Window': The string to be decoded is not correctly encoded.
    at i (https://sf16-website-login.neutral.ttwstatic.com/obj/tiktok_web_login_static/tiktok/webapp/login/webapp-login-page/webapp-login-page.8047b8134cb7bcde5428.js:1:317008)
    at Object.init (https://sf16-website-login.neutral.ttwstatic.com/obj/tiktok_web_login_static/tiktok/webapp/login/webapp-login-page/webapp-login-page.8047b8134cb7bcde5428.js:70:76065)
    at db (https://sf16-website-login.neutral.ttwstatic.com/obj/tiktok_web_login_static/tiktok/webapp/login/webapp-login-page/webapp-login-page.8047b8134cb7bcde5428.js:70:77263)
    at UE (https://sf16-website-login.neutral.ttwstatic.com/obj/tiktok_web_login_static/tiktok/webapp/login/webapp-login-page/webapp-login-page.8047b8134cb7bcde5428.js:176:1730)
    at ll (https://sf16-website-login.neutral.ttwstatic.com/obj/tiktok_web_login_static/tiktok/webapp/login/webapp-login-page/npm-b3a903c8.f6411f6226b1b04298bc.js:2:106140)
    at Bl (https://sf16-website-login.neutral.ttwstatic.com/obj/tiktok_web_login_static/tiktok/webapp/login/webapp-login-page/npm-b3a903c8.f6411f6226b1b04298bc.js:2:115622)
    at $l (https://sf16-website-login.neutral.ttwstatic.com/obj/tiktok_web_login_static/tiktok/webapp/login/webapp-login-page/npm-b3a903c8.f6411f6226b1b04298bc.js:2:114962)
    at Ul (https://sf16-website-login.neutral.ttwstatic.com/obj/tiktok_web_login_static/tiktok/webapp/login/webapp-login-page/npm-b3a903c8.f6411f6226b1b04298bc.js:2:114623)
    at Qi (https://sf16-website-login.neutral.ttwstatic.com/obj/tiktok_web_login_static/tiktok/webapp/login/webapp-login-page/npm-b3a903c8.f6411f6226b1b04298bc.js:2:161236)
    at Nu (https://sf16-website-login.neutral.ttwstatic.com/obj/tiktok_web_login_static/tiktok/webapp/login/webapp-login-page/npm-b3a903c8.f6411f6226b1b04298bc.js:2:145349) @ https://sf16-website-login.neutral.ttwstatic.com/obj/tiktok_web_login_static/tiktok/webapp/login/webapp-login-page/webapp-login-page.8047b8134cb7bcde5428.js:0
[    1050ms] [WARNING] [i18n] missing key [en] WebApp_Login Log in or sign up for an account on TikTok. Start watching to discover real people and real videos that will make your day. Log in or sign up for an account on TikTok. Start watching to discover real people and real videos that will make your day. @ https://sf16-website-login.neutral.ttwstatic.com/obj/tiktok_web_login_static/tiktok/webapp/login/webapp-login-page/webapp-login-page.8047b8134cb7bcde5428.js:0
[    3319ms] [ERROR] The Content Security Policy directive 'upgrade-insecure-requests' is ignored when delivered in a report-only policy. @ https://sf16-website-login.neutral.tiktokcdn-eu.com/obj/tiktok_web_login_static_eu/webmssdk/1.0.0.347/webmssdk.js:0
[    3319ms] [ERROR] The Content Security Policy directive 'upgrade-insecure-requests' is ignored when delivered in a report-only policy. @ https://sf16-website-login.neutral.tiktokcdn-eu.com/obj/tiktok_web_login_static_eu/webmssdk/1.0.0.347/webmssdk.js:0
[    3331ms] [ERROR] The Content Security Policy directive 'upgrade-insecure-requests' is ignored when delivered in a report-only policy. @ https://sf16-website-login.neutral.tiktokcdn-eu.com/obj/tiktok_web_login_static_eu/webmssdk/1.0.0.347/webmssdk.js:0
[    3331ms] [ERROR] The Content Security Policy directive 'upgrade-insecure-requests' is ignored when delivered in a report-only policy. @ https://sf16-website-login.neutral.tiktokcdn-eu.com/obj/tiktok_web_login_static_eu/webmssdk/1.0.0.347/webmssdk.js:0
[    3411ms] [ERROR] The Content Security Policy directive 'upgrade-insecure-requests' is ignored when delivered in a report-only policy. @ https://sf16-website-login.neutral.tiktokcdn-eu.com/obj/tiktok_web_login_static_eu/webmssdk/1.0.0.347/webmssdk.js:0
[    3411ms] [ERROR] The Content Security Policy directive 'upgrade-insecure-requests' is ignored when delivered in a report-only policy. @ https://sf16-website-login.neutral.tiktokcdn-eu.com/obj/tiktok_web_login_static_eu/webmssdk/1.0.0.347/webmssdk.js:0
[    3424ms] [ERROR] The Content Security Policy directive 'upgrade-insecure-requests' is ignored when delivered in a report-only policy. @ https://sf16-website-login.neutral.tiktokcdn-eu.com/obj/tiktok_web_login_static_eu/webmssdk/1.0.0.347/webmssdk.js:0
[    3424ms] [ERROR] The Content Security Policy directive 'upgrade-insecure-requests' is ignored when delivered in a report-only policy. @ https://sf16-website-login.neutral.tiktokcdn-eu.com/obj/tiktok_web_login_static_eu/webmssdk/1.0.0.347/webmssdk.js:0
[    4637ms] [ERROR] The Content Security Policy directive 'upgrade-insecure-requests' is ignored when delivered in a report-only policy. @ https://sf16-website-login.neutral.ttwstatic.com/obj/tiktok_web_login_static/ttweb_webmssdk_ex/1.0.0.1804/webmssdk_ex.js:0
[    4638ms] [ERROR] The Content Security Policy directive 'upgrade-insecure-requests' is ignored when delivered in a report-only policy. @ https://sf16-website-login.neutral.ttwstatic.com/obj/tiktok_web_login_static/ttweb_webmssdk_ex/1.0.0.1804/webmssdk_ex.js:0
[    4645ms] [ERROR] The Content Security Policy directive 'upgrade-insecure-requests' is ignored when delivered in a report-only policy. @ https://sf16-website-login.neutral.ttwstatic.com/obj/tiktok_web_login_static/ttweb_webmssdk_ex/1.0.0.1804/webmssdk_ex.js:0
[    4645ms] [ERROR] The Content Security Policy directive 'upgrade-insecure-requests' is ignored when delivered in a report-only policy. @ https://sf16-website-login.neutral.ttwstatic.com/obj/tiktok_web_login_static/ttweb_webmssdk_ex/1.0.0.1804/webmssdk_ex.js:0
[    4660ms] [ERROR] The Content Security Policy directive 'upgrade-insecure-requests' is ignored when delivered in a report-only policy. @ https://sf16-website-login.neutral.ttwstatic.com/obj/tiktok_web_login_static/ttweb_webmssdk_ex/1.0.0.1804/webmssdk_ex.js:0
[    4660ms] [ERROR] The Content Security Policy directive 'upgrade-insecure-requests' is ignored when delivered in a report-only policy. @ https://sf16-website-login.neutral.ttwstatic.com/obj/tiktok_web_login_static/ttweb_webmssdk_ex/1.0.0.1804/webmssdk_ex.js:0
[    4668ms] [ERROR] The Content Security Policy directive 'upgrade-insecure-requests' is ignored when delivered in a report-only policy. @ https://sf16-website-login.neutral.ttwstatic.com/obj/tiktok_web_login_static/ttweb_webmssdk_ex/1.0.0.1804/webmssdk_ex.js:0
[    4669ms] [ERROR] The Content Security Policy directive 'upgrade-insecure-requests' is ignored when delivered in a report-only policy. @ https://sf16-website-login.neutral.ttwstatic.com/obj/tiktok_web_login_static/ttweb_webmssdk_ex/1.0.0.1804/webmssdk_ex.js:0
[    9659ms] [ERROR] Login: account-api error: [7] Maximum number of attempts reached. Try again later.. @ https://sf16-website-login.neutral.ttwstatic.com/obj/tiktok_web_login_static/tiktok/webapp/login/webapp-login-page/webapp-login-page.8047b8134cb7bcde5428.js:0
[    9739ms] [ERROR] Login: account-api error: [7] Maximum number of attempts reached. Try again later.. @ https://sf16-website-login.neutral.ttwstatic.com/obj/tiktok_web_login_static/tiktok/webapp/login/webapp-login-page/webapp-login-page.8047b8134cb7bcde5428.js:0
[   11030ms] [ERROR] Login: account-api error: [7] Maximum number of attempts reached. Try again later.. @ https://sf16-website-login.neutral.ttwstatic.com/obj/tiktok_web_login_static/tiktok/webapp/login/webapp-login-page/webapp-login-page.8047b8134cb7bcde5428.js:0
[   11238ms] [ERROR] Login: account-api error: [7] Maximum number of attempts reached. Try again later.. @ https://sf16-website-login.neutral.ttwstatic.com/obj/tiktok_web_login_static/tiktok/webapp/login/webapp-login-page/webapp-login-page.8047b8134cb7bcde5428.js:0
[   12440ms] [ERROR] Login: account-api error: [7] Maximum number of attempts reached. Try again later.. @ https://sf16-website-login.neutral.ttwstatic.com/obj/tiktok_web_login_static/tiktok/webapp/login/webapp-login-page/webapp-login-page.8047b8134cb7bcde5428.js:0
[   12555ms] [ERROR] Login: account-api error: [7] Maximum number of attempts reached. Try again later.. @ https://sf16-website-login.neutral.ttwstatic.com/obj/tiktok_web_login_static/tiktok/webapp/login/webapp-login-page/webapp-login-page.8047b8134cb7bcde5428.js:0
[   13774ms] [ERROR] Login: account-api error: [7] Maximum number of attempts reached. Try again later.. @ https://sf16-website-login.neutral.ttwstatic.com/obj/tiktok_web_login_static/tiktok/webapp/login/webapp-login-page/webapp-login-page.8047b8134cb7bcde5428.js:0
[   13837ms] [ERROR] Login: account-api error: [7] Maximum number of attempts reached. Try again later.. @ https://sf16-website-login.neutral.ttwstatic.com/obj/tiktok_web_login_static/tiktok/webapp/login/webapp-login-page/webapp-login-page.8047b8134cb7bcde5428.js:0
[   15056ms] [ERROR] Login: account-api error: [7] Maximum number of attempts reached. Try again later.. @ https://sf16-website-login.neutral.ttwstatic.com/obj/tiktok_web_login_static/tiktok/webapp/login/webapp-login-page/webapp-login-page.8047b8134cb7bcde5428.js:0
[   15123ms] [ERROR] Login: account-api error: [7] Maximum number of attempts reached. Try again later.. @ https://sf16-website-login.neutral.ttwstatic.com/obj/tiktok_web_login_static/tiktok/webapp/login/webapp-login-page/webapp-login-page.8047b8134cb7bcde5428.js:0
[   16420ms] [ERROR] Login: account-api error: [7] Maximum number of attempts reached. Try again later.. @ https://sf16-website-login.neutral.ttwstatic.com/obj/tiktok_web_login_static/tiktok/webapp/login/webapp-login-page/webapp-login-page.8047b8134cb7bcde5428.js:0
[   16422ms] [ERROR] Login: account-api error: [7] Maximum number of attempts reached. Try again later.. @ https://sf16-website-login.neutral.ttwstatic.com/obj/tiktok_web_login_static/tiktok/webapp/login/webapp-login-page/webapp-login-page.8047b8134cb7bcde5428.js:0
[   17625ms] [ERROR] Login: account-api error: [7] Maximum number of attempts reached. Try again later.. @ https://sf16-website-login.neutral.ttwstatic.com/obj/tiktok_web_login_static/tiktok/webapp/login/webapp-login-page/webapp-login-page.8047b8134cb7bcde5428.js:0
[   17716ms] [ERROR] Login: account-api error: [7] Maximum number of attempts reached. Try again later.. @ https://sf16-website-login.neutral.ttwstatic.com/obj/tiktok_web_login_static/tiktok/webapp/login/webapp-login-page/webapp-login-page.8047b8134cb7bcde5428.js:0
[   18112ms] [ERROR] Login: account-api error: [7] Maximum number of attempts reached. Try again later.. @ https://sf16-website-login.neutral.ttwstatic.com/obj/tiktok_web_login_static/tiktok/webapp/login/webapp-login-page/webapp-login-page.8047b8134cb7bcde5428.js:0
[   18210ms] [ERROR] Login: account-api error: [7] Maximum number of attempts reached. Try again later.. @ https://sf16-website-login.neutral.ttwstatic.com/obj/tiktok_web_login_static/tiktok/webapp/login/webapp-login-page/webapp-login-page.8047b8134cb7bcde5428.js:0
[   19428ms] [ERROR] Login: account-api error: [7] Maximum number of attempts reached. Try again later.. @ https://sf16-website-login.neutral.ttwstatic.com/obj/tiktok_web_login_static/tiktok/webapp/login/webapp-login-page/webapp-login-page.8047b8134cb7bcde5428.js:0
[   19493ms] [ERROR] Login: account-api error: [7] Maximum number of attempts reached. Try again later.. @ https://sf16-website-login.neutral.ttwstatic.com/obj/tiktok_web_login_static/tiktok/webapp/login/webapp-login-page/webapp-login-page.8047b8134cb7bcde5428.js:0
[   21904ms] [WARNING] Reflect is already polyfilled. @ https://sf16-website-login.neutral.tiktokcdn-eu.com/obj/tiktok_web_login_static_eu/tiktok/webapp/main/vdp-bad/webapp-desktop/static/js/webapp-desktop.fa929d96.js:0
[   21936ms] [WARNING] AppContext will be overwritten @ https://sf16-website-login.neutral.tiktokcdn-eu.com/obj/tiktok_web_login_static_eu/tiktok/webapp/main/vdp-bad/webapp-desktop/static/js/webapp-desktop.fa929d96.js:0
[   21936ms] [WARNING] AppContext will be overwritten @ https://sf16-website-login.neutral.tiktokcdn-eu.com/obj/tiktok_web_login_static_eu/tiktok/webapp/main/vdp-bad/webapp-desktop/static/js/webapp-desktop.fa929d96.js:0
[   21936ms] [WARNING] AppContext will be overwritten @ https://sf16-website-login.neutral.tiktokcdn-eu.com/obj/tiktok_web_login_static_eu/tiktok/webapp/main/vdp-bad/webapp-desktop/static/js/webapp-desktop.fa929d96.js:0
[   21936ms] [WARNING] AppContext will be overwritten @ https://sf16-website-login.neutral.tiktokcdn-eu.com/obj/tiktok_web_login_static_eu/tiktok/webapp/main/vdp-bad/webapp-desktop/static/js/webapp-desktop.fa929d96.js:0
[   21937ms] [WARNING] AppContext will be overwritten @ https://sf16-website-login.neutral.tiktokcdn-eu.com/obj/tiktok_web_login_static_eu/tiktok/webapp/main/vdp-bad/webapp-desktop/static/js/webapp-desktop.fa929d96.js:0
[   21937ms] [WARNING] AppContext will be overwritten @ https://sf16-website-login.neutral.tiktokcdn-eu.com/obj/tiktok_web_login_static_eu/tiktok/webapp/main/vdp-bad/webapp-desktop/static/js/webapp-desktop.fa929d96.js:0
[   21937ms] [WARNING] AppContext will be overwritten @ https://sf16-website-login.neutral.tiktokcdn-eu.com/obj/tiktok_web_login_static_eu/tiktok/webapp/main/vdp-bad/webapp-desktop/static/js/webapp-desktop.fa929d96.js:0
[   21937ms] [WARNING] AppContext will be overwritten @ https://sf16-website-login.neutral.tiktokcdn-eu.com/obj/tiktok_web_login_static_eu/tiktok/webapp/main/vdp-bad/webapp-desktop/static/js/webapp-desktop.fa929d96.js:0
[   21967ms] [WARNING] AppContext will be overwritten @ https://sf16-website-login.neutral.tiktokcdn-eu.com/obj/tiktok_web_login_static_eu/tiktok/webapp/main/vdp-bad/webapp-desktop/static/js/webapp-desktop.fa929d96.js:0
[   21969ms] [WARNING] AppContext will be overwritten @ https://sf16-website-login.neutral.tiktokcdn-eu.com/obj/tiktok_web_login_static_eu/tiktok/webapp/main/vdp-bad/webapp-desktop/static/js/webapp-desktop.fa929d96.js:0
[   21969ms] [WARNING] loadable: `loadableReady()` requires state, please use `getScriptTags` or `getScriptElements` server-side @ https://sf16-website-login.neutral.tiktokcdn-eu.com/obj/tiktok_web_login_static_eu/tiktok/webapp/main/vdp-bad/webapp-desktop/static/js/13799.d163d896.js:1
[   22398ms] [WARNING] [SDK] 1770704987110        0 already inited @ https://sf16-website-login.neutral.tiktokcdn-eu.com/obj/tiktok_web_login_static_eu/slardar/fe/sdk-web/browser.euttp.js?bid=tiktok_webapp&globalName=SlardarClient:0
[   22521ms] [WARNING] [TikTok desktop app SDK Monitor]:   WARN:[printFirstFeedShow]The current environment is not inside the client. @ https://sf16-website-login.neutral.tiktokcdn-eu.com/obj/tiktok_web_login_static_eu/tiktok/webapp/main/vdp-bad/webapp-desktop/static/js/webapp-desktop.fa929d96.js:0
[   22572ms] [WARNING] filter merge event: sibyl_sdk_collector_init_result error, pls check Converting circular structure to JSON
    --> starting at object with constructor 'e'
    |     property 'pluginInstances' -> object with constructor 'Array'
    |     index 0 -> object with constructor 'e'
    --- property 'collect' closes the circle @ https://sf16-website-login.neutral.tiktokcdn-eu.com/obj/tiktok_web_login_static_eu/tiktok/webapp/main/vdp-bad/webapp-desktop/static/js/npm-dp-byted-tea-sdk-oversea.5fea89cf.js:0
[   23271ms] [WARNING] InvalidCharacterError: Failed to execute 'atob' on 'Window': The string to be decoded is not correctly encoded.
    at i (https://sf16-website-login.neutral.tiktokcdn-eu.com/obj/tiktok_web_login_static_eu/tiktok/webapp/main/vdp-bad/webapp-desktop/static/js/async/24342.082a6556.js:1:103897)
    at t.getLoginContext (https://sf16-website-login.neutral.tiktokcdn-eu.com/obj/tiktok_web_login_static_eu/tiktok/webapp/main/vdp-bad/webapp-desktop/static/js/async/24342.082a6556.js:1:29003)
    at https://sf16-website-login.neutral.tiktokcdn-eu.com/obj/tiktok_web_login_static_eu/tiktok/webapp/main/vdp-bad/webapp-desktop/static/js/async/24342.082a6556.js:1:24982
    at h (https://sf16-website-login.neutral.tiktokcdn-eu.com/obj/tiktok_web_login_static_eu/tiktok/webapp/main/vdp-bad/webapp-desktop/static/js/npm-rxjs.a01e2708.js:1:26334)
    at v (https://sf16-website-login.neutral.tiktokcdn-eu.com/obj/tiktok_web_login_static_eu/tiktok/webapp/main/vdp-bad/webapp-desktop/static/js/npm-rxjs.a01e2708.js:1:26282)
    at c._next (https://sf16-website-login.neutral.tiktokcdn-eu.com/obj/tiktok_web_login_static_eu/tiktok/webapp/main/vdp-bad/webapp-desktop/static/js/npm-rxjs.a01e2708.js:1:19645)
    at r.next (https://sf16-website-login.neutral.tiktokcdn-eu.com/obj/tiktok_web_login_static_eu/tiktok/webapp/main/vdp-bad/webapp-desktop/static/js/npm-rxjs.a01e2708.js:1:7391)
    at https://sf16-website-login.neutral.tiktokcdn-eu.com/obj/tiktok_web_login_static_eu/tiktok/webapp/main/vdp-bad/webapp-desktop/static/js/npm-rxjs.a01e2708.js:1:25634
    at c._next (https://sf16-website-login.neutral.tiktokcdn-eu.com/obj/tiktok_web_login_static_eu/tiktok/webapp/main/vdp-bad/webapp-desktop/static/js/npm-rxjs.a01e2708.js:1:19645)
    at r.next (https://sf16-website-login.neutral.tiktokcdn-eu.com/obj/tiktok_web_login_static_eu/tiktok/webapp/main/vdp-bad/webapp-desktop/static/js/npm-rxjs.a01e2708.js:1:7391) @ https://sf16-website-login.neutral.tiktokcdn-eu.com/obj/tiktok_web_login_static_eu/tiktok/webapp/main/vdp-bad/webapp-desktop/static/js/async/24342.082a6556.js:0
