[    7647ms] [ERROR] The Content Security Policy directive 'upgrade-insecure-requests' is ignored when delivered in a report-only policy. @ https://developers.tiktok.com/:0
[   10090ms] [WARNING] RTC_AMBULANCE have non-native code:
 RTCPeerConnection.prototype.addStream
RTCPeerConnection.prototype.addTrack
RTCPeerConnection.prototype.createDataChannel
RTCPeerConnection.prototype.getLocalStreams
RTCPeerConnection.prototype.getStats
RTCPeerConnection.prototype.removeStream
RTCPeerConnection.prototype.removeTrack
RTCPeerConnection.prototype.setRemoteDescription
RTCPeerConnection.prototype.addEventListener
RTCPeerConnection.prototype.removeEventListener
navigator.mediaDevices.getUserMedia
navigator.mediaDevices.getDisplayMedia @ https://sf16-website-login.neutral.ttwstatic.com/obj/tiktok_web_login_static/tiktok/web/tt4d_coze_ai_bot/coze-chat-app-sdk/1.2.0-beta.19-tt4d-t6/libs/oversea/index.js:12
[   10143ms] [ERROR] Connecting to 'https://mon16-normal-useastred.tiktokv.eu/monitor_web/settings/browser-settings?bid=pns_cookie_banner_slardar&store=1' violates the following Content Security Policy directive: "default-src 'self' 'unsafe-eval' 'unsafe-inline' blob: bytedance: data: wss://*.tiktok.com *.adsintegrity.net *.bytedapm.com *.byteintl.net *.byteoversea.com *.ciciai.com *.coze.com *.doublestat.info *.goofy-cdn.com *.goofy.app *.googleapis.com *.gstatic.com *.ibytedtos.com *.ibyteimg.com *.oecstatic.com *.pipopay.com *.pipopayment.com *.pipopayment.us *.poweredbypercent.com *.tiktok-minis.com *.tiktok.com *.tiktokapis.com *.tiktokcdn-us.com *.tiktokcdn.com *.tiktokv.com *.tiktokv.us *.tiktokw.eu *.tiktokw.us *.ttwstatic.com *.unpkg.com *.yhgfb-static.com". Note that 'connect-src' was not explicitly set, so 'default-src' is used as a fallback. The action has been blocked. @ https://sf16-website-login.neutral.ttwstatic.com/obj/tiktok_web_login_static/tiktok_privacy_protection_framework/loader/1.0.0.933/index.js:3
[   10182ms] [ERROR] Connecting to 'https://mon16-normal-useastred.tiktokv.eu/monitor_web/settings/browser-settings?bid=pns_cookie_banner_slardar&store=1' violates the following Content Security Policy directive: "default-src 'self' 'unsafe-eval' 'unsafe-inline' blob: bytedance: data: wss://*.tiktok.com *.adsintegrity.net *.bytedapm.com *.byteintl.net *.byteoversea.com *.ciciai.com *.coze.com *.doublestat.info *.goofy-cdn.com *.goofy.app *.googleapis.com *.gstatic.com *.ibytedtos.com *.ibyteimg.com *.oecstatic.com *.pipopay.com *.pipopayment.com *.pipopayment.us *.poweredbypercent.com *.tiktok-minis.com *.tiktok.com *.tiktokapis.com *.tiktokcdn-us.com *.tiktokcdn.com *.tiktokv.com *.tiktokv.us *.tiktokw.eu *.tiktokw.us *.ttwstatic.com *.unpkg.com *.yhgfb-static.com". Note that 'connect-src' was not explicitly set, so 'default-src' is used as a fallback. The action has been blocked. @ https://sf16-website-login.neutral.ttwstatic.com/obj/tiktok_web_login_static/tiktok_privacy_protection_framework/loader/1.0.0.933/index.js:3
[   10185ms] [ERROR] Connecting to 'https://mon16-normal-useastred.tiktokv.eu/monitor_web/settings/browser-settings?bid=pns_consent_system&store=1' violates the following Content Security Policy directive: "default-src 'self' 'unsafe-eval' 'unsafe-inline' blob: bytedance: data: wss://*.tiktok.com *.adsintegrity.net *.bytedapm.com *.byteintl.net *.byteoversea.com *.ciciai.com *.coze.com *.doublestat.info *.goofy-cdn.com *.goofy.app *.googleapis.com *.gstatic.com *.ibytedtos.com *.ibyteimg.com *.oecstatic.com *.pipopay.com *.pipopayment.com *.pipopayment.us *.poweredbypercent.com *.tiktok-minis.com *.tiktok.com *.tiktokapis.com *.tiktokcdn-us.com *.tiktokcdn.com *.tiktokv.com *.tiktokv.us *.tiktokw.eu *.tiktokw.us *.ttwstatic.com *.unpkg.com *.yhgfb-static.com". Note that 'connect-src' was not explicitly set, so 'default-src' is used as a fallback. The action has been blocked. @ https://sf16-website-login.neutral.ttwstatic.com/obj/tiktok_web_login_static/tiktok_privacy_protection_framework/loader/1.0.0.933/index.js:3
[   56461ms] [WARNING] The 'deprecatedStyle' prop is deprecated. Please use the associated style props instead (e.g. "marginInline", "flex") @ https://sf16-website.neutral.ttwstatic.com/obj/tiktok_web_static/developers/build/vendors/112-1d6cb4d4aa1e5784-ce27d2c95f2da0f14f95cb08851d62a597491534.js:0
[   56462ms] [WARNING] The 'deprecatedStyle' prop is deprecated. Please use the associated style props instead (e.g. "marginInline", "flex") @ https://sf16-website.neutral.ttwstatic.com/obj/tiktok_web_static/developers/build/vendors/112-1d6cb4d4aa1e5784-ce27d2c95f2da0f14f95cb08851d62a597491534.js:0
[   56468ms] [WARNING] The 'deprecatedStyle' prop is deprecated. Please use the associated style props instead (e.g. "marginInline", "flex") @ https://sf16-website.neutral.ttwstatic.com/obj/tiktok_web_static/developers/build/vendors/112-1d6cb4d4aa1e5784-ce27d2c95f2da0f14f95cb08851d62a597491534.js:0
[   56496ms] [WARNING] The 'deprecatedStyle' prop is deprecated. Please use the associated style props instead (e.g. "marginInline", "flex") @ https://sf16-website.neutral.ttwstatic.com/obj/tiktok_web_static/developers/build/vendors/112-1d6cb4d4aa1e5784-ce27d2c95f2da0f14f95cb08851d62a597491534.js:0
[   56497ms] [WARNING] The 'deprecatedStyle' prop is deprecated. Please use the associated style props instead (e.g. "marginInline", "flex") @ https://sf16-website.neutral.ttwstatic.com/obj/tiktok_web_static/developers/build/vendors/112-1d6cb4d4aa1e5784-ce27d2c95f2da0f14f95cb08851d62a597491534.js:0
[   56498ms] [WARNING] The 'deprecatedStyle' prop is deprecated. Please use the associated style props instead (e.g. "marginInline", "flex") @ https://sf16-website.neutral.ttwstatic.com/obj/tiktok_web_static/developers/build/vendors/112-1d6cb4d4aa1e5784-ce27d2c95f2da0f14f95cb08851d62a597491534.js:0
[   56920ms] [WARNING] The 'deprecatedStyle' prop is deprecated. Please use the associated style props instead (e.g. "marginInline", "flex") @ https://sf16-website.neutral.ttwstatic.com/obj/tiktok_web_static/developers/build/vendors/112-1d6cb4d4aa1e5784-ce27d2c95f2da0f14f95cb08851d62a597491534.js:0
[   61836ms] [WARNING] The 'deprecatedStyle' prop is deprecated. Please use the associated style props instead (e.g. "marginInline", "flex") @ https://sf16-website.neutral.ttwstatic.com/obj/tiktok_web_static/developers/build/vendors/112-1d6cb4d4aa1e5784-ce27d2c95f2da0f14f95cb08851d62a597491534.js:0
[   61837ms] [WARNING] The 'deprecatedStyle' prop is deprecated. Please use the associated style props instead (e.g. "marginInline", "flex") @ https://sf16-website.neutral.ttwstatic.com/obj/tiktok_web_static/developers/build/vendors/112-1d6cb4d4aa1e5784-ce27d2c95f2da0f14f95cb08851d62a597491534.js:0
[   61840ms] [WARNING] The 'deprecatedStyle' prop is deprecated. Please use the associated style props instead (e.g. "marginInline", "flex") @ https://sf16-website.neutral.ttwstatic.com/obj/tiktok_web_static/developers/build/vendors/112-1d6cb4d4aa1e5784-ce27d2c95f2da0f14f95cb08851d62a597491534.js:0
[   68304ms] [WARNING] The 'deprecatedStyle' prop is deprecated. Please use the associated style props instead (e.g. "marginInline", "flex") @ https://sf16-website.neutral.ttwstatic.com/obj/tiktok_web_static/developers/build/vendors/112-1d6cb4d4aa1e5784-ce27d2c95f2da0f14f95cb08851d62a597491534.js:0
[   68306ms] [WARNING] The 'deprecatedStyle' prop is deprecated. Please use the associated style props instead (e.g. "marginInline", "flex") @ https://sf16-website.neutral.ttwstatic.com/obj/tiktok_web_static/developers/build/vendors/112-1d6cb4d4aa1e5784-ce27d2c95f2da0f14f95cb08851d62a597491534.js:0
[   68307ms] [WARNING] The 'deprecatedStyle' prop is deprecated. Please use the associated style props instead (e.g. "marginInline", "flex") @ https://sf16-website.neutral.ttwstatic.com/obj/tiktok_web_static/developers/build/vendors/112-1d6cb4d4aa1e5784-ce27d2c95f2da0f14f95cb08851d62a597491534.js:0
[   68308ms] [WARNING] The 'deprecatedStyle' prop is deprecated. Please use the associated style props instead (e.g. "marginInline", "flex") @ https://sf16-website.neutral.ttwstatic.com/obj/tiktok_web_static/developers/build/vendors/112-1d6cb4d4aa1e5784-ce27d2c95f2da0f14f95cb08851d62a597491534.js:0
[   68461ms] [WARNING] The 'deprecatedStyle' prop is deprecated. Please use the associated style props instead (e.g. "marginInline", "flex") @ https://sf16-website.neutral.ttwstatic.com/obj/tiktok_web_static/developers/build/vendors/112-1d6cb4d4aa1e5784-ce27d2c95f2da0f14f95cb08851d62a597491534.js:0
[   69249ms] [WARNING] The 'deprecatedStyle' prop is deprecated. Please use the associated style props instead (e.g. "marginInline", "flex") @ https://sf16-website.neutral.ttwstatic.com/obj/tiktok_web_static/developers/build/vendors/112-1d6cb4d4aa1e5784-ce27d2c95f2da0f14f95cb08851d62a597491534.js:0
[   69384ms] [WARNING] The 'deprecatedStyle' prop is deprecated. Please use the associated style props instead (e.g. "marginInline", "flex") @ https://sf16-website.neutral.ttwstatic.com/obj/tiktok_web_static/developers/build/vendors/112-1d6cb4d4aa1e5784-ce27d2c95f2da0f14f95cb08851d62a597491534.js:0
[   69519ms] [WARNING] The 'deprecatedStyle' prop is deprecated. Please use the associated style props instead (e.g. "marginInline", "flex") @ https://sf16-website.neutral.ttwstatic.com/obj/tiktok_web_static/developers/build/vendors/112-1d6cb4d4aa1e5784-ce27d2c95f2da0f14f95cb08851d62a597491534.js:0
[   69631ms] [WARNING] The 'deprecatedStyle' prop is deprecated. Please use the associated style props instead (e.g. "marginInline", "flex") @ https://sf16-website.neutral.ttwstatic.com/obj/tiktok_web_static/developers/build/vendors/112-1d6cb4d4aa1e5784-ce27d2c95f2da0f14f95cb08851d62a597491534.js:0
[   69834ms] [WARNING] The 'deprecatedStyle' prop is deprecated. Please use the associated style props instead (e.g. "marginInline", "flex") @ https://sf16-website.neutral.ttwstatic.com/obj/tiktok_web_static/developers/build/vendors/112-1d6cb4d4aa1e5784-ce27d2c95f2da0f14f95cb08851d62a597491534.js:0
[   70036ms] [WARNING] The 'deprecatedStyle' prop is deprecated. Please use the associated style props instead (e.g. "marginInline", "flex") @ https://sf16-website.neutral.ttwstatic.com/obj/tiktok_web_static/developers/build/vendors/112-1d6cb4d4aa1e5784-ce27d2c95f2da0f14f95cb08851d62a597491534.js:0
[   70104ms] [WARNING] The 'deprecatedStyle' prop is deprecated. Please use the associated style props instead (e.g. "marginInline", "flex") @ https://sf16-website.neutral.ttwstatic.com/obj/tiktok_web_static/developers/build/vendors/112-1d6cb4d4aa1e5784-ce27d2c95f2da0f14f95cb08851d62a597491534.js:0
[   70239ms] [WARNING] The 'deprecatedStyle' prop is deprecated. Please use the associated style props instead (e.g. "marginInline", "flex") @ https://sf16-website.neutral.ttwstatic.com/obj/tiktok_web_static/developers/build/vendors/112-1d6cb4d4aa1e5784-ce27d2c95f2da0f14f95cb08851d62a597491534.js:0
[   70352ms] [WARNING] The 'deprecatedStyle' prop is deprecated. Please use the associated style props instead (e.g. "marginInline", "flex") @ https://sf16-website.neutral.ttwstatic.com/obj/tiktok_web_static/developers/build/vendors/112-1d6cb4d4aa1e5784-ce27d2c95f2da0f14f95cb08851d62a597491534.js:0
[   70532ms] [WARNING] The 'deprecatedStyle' prop is deprecated. Please use the associated style props instead (e.g. "marginInline", "flex") @ https://sf16-website.neutral.ttwstatic.com/obj/tiktok_web_static/developers/build/vendors/112-1d6cb4d4aa1e5784-ce27d2c95f2da0f14f95cb08851d62a597491534.js:0
[   70599ms] [WARNING] The 'deprecatedStyle' prop is deprecated. Please use the associated style props instead (e.g. "marginInline", "flex") @ https://sf16-website.neutral.ttwstatic.com/obj/tiktok_web_static/developers/build/vendors/112-1d6cb4d4aa1e5784-ce27d2c95f2da0f14f95cb08851d62a597491534.js:0
[   70666ms] [WARNING] The 'deprecatedStyle' prop is deprecated. Please use the associated style props instead (e.g. "marginInline", "flex") @ https://sf16-website.neutral.ttwstatic.com/obj/tiktok_web_static/developers/build/vendors/112-1d6cb4d4aa1e5784-ce27d2c95f2da0f14f95cb08851d62a597491534.js:0
[   70779ms] [WARNING] The 'deprecatedStyle' prop is deprecated. Please use the associated style props instead (e.g. "marginInline", "flex") @ https://sf16-website.neutral.ttwstatic.com/obj/tiktok_web_static/developers/build/vendors/112-1d6cb4d4aa1e5784-ce27d2c95f2da0f14f95cb08851d62a597491534.js:0
[   70824ms] [WARNING] The 'deprecatedStyle' prop is deprecated. Please use the associated style props instead (e.g. "marginInline", "flex") @ https://sf16-website.neutral.ttwstatic.com/obj/tiktok_web_static/developers/build/vendors/112-1d6cb4d4aa1e5784-ce27d2c95f2da0f14f95cb08851d62a597491534.js:0
[   70914ms] [WARNING] The 'deprecatedStyle' prop is deprecated. Please use the associated style props instead (e.g. "marginInline", "flex") @ https://sf16-website.neutral.ttwstatic.com/obj/tiktok_web_static/developers/build/vendors/112-1d6cb4d4aa1e5784-ce27d2c95f2da0f14f95cb08851d62a597491534.js:0
[   71139ms] [WARNING] The 'deprecatedStyle' prop is deprecated. Please use the associated style props instead (e.g. "marginInline", "flex") @ https://sf16-website.neutral.ttwstatic.com/obj/tiktok_web_static/developers/build/vendors/112-1d6cb4d4aa1e5784-ce27d2c95f2da0f14f95cb08851d62a597491534.js:0
[   71274ms] [WARNING] The 'deprecatedStyle' prop is deprecated. Please use the associated style props instead (e.g. "marginInline", "flex") @ https://sf16-website.neutral.ttwstatic.com/obj/tiktok_web_static/developers/build/vendors/112-1d6cb4d4aa1e5784-ce27d2c95f2da0f14f95cb08851d62a597491534.js:0
[   71386ms] [WARNING] The 'deprecatedStyle' prop is deprecated. Please use the associated style props instead (e.g. "marginInline", "flex") @ https://sf16-website.neutral.ttwstatic.com/obj/tiktok_web_static/developers/build/vendors/112-1d6cb4d4aa1e5784-ce27d2c95f2da0f14f95cb08851d62a597491534.js:0
[   71814ms] [WARNING] The 'deprecatedStyle' prop is deprecated. Please use the associated style props instead (e.g. "marginInline", "flex") @ https://sf16-website.neutral.ttwstatic.com/obj/tiktok_web_static/developers/build/vendors/112-1d6cb4d4aa1e5784-ce27d2c95f2da0f14f95cb08851d62a597491534.js:0
[   72151ms] [WARNING] The 'deprecatedStyle' prop is deprecated. Please use the associated style props instead (e.g. "marginInline", "flex") @ https://sf16-website.neutral.ttwstatic.com/obj/tiktok_web_static/developers/build/vendors/112-1d6cb4d4aa1e5784-ce27d2c95f2da0f14f95cb08851d62a597491534.js:0
[   72264ms] [WARNING] The 'deprecatedStyle' prop is deprecated. Please use the associated style props instead (e.g. "marginInline", "flex") @ https://sf16-website.neutral.ttwstatic.com/obj/tiktok_web_static/developers/build/vendors/112-1d6cb4d4aa1e5784-ce27d2c95f2da0f14f95cb08851d62a597491534.js:0
[   72399ms] [WARNING] The 'deprecatedStyle' prop is deprecated. Please use the associated style props instead (e.g. "marginInline", "flex") @ https://sf16-website.neutral.ttwstatic.com/obj/tiktok_web_static/developers/build/vendors/112-1d6cb4d4aa1e5784-ce27d2c95f2da0f14f95cb08851d62a597491534.js:0
[   73096ms] [WARNING] The 'deprecatedStyle' prop is deprecated. Please use the associated style props instead (e.g. "marginInline", "flex") @ https://sf16-website.neutral.ttwstatic.com/obj/tiktok_web_static/developers/build/vendors/112-1d6cb4d4aa1e5784-ce27d2c95f2da0f14f95cb08851d62a597491534.js:0
[   73254ms] [WARNING] The 'deprecatedStyle' prop is deprecated. Please use the associated style props instead (e.g. "marginInline", "flex") @ https://sf16-website.neutral.ttwstatic.com/obj/tiktok_web_static/developers/build/vendors/112-1d6cb4d4aa1e5784-ce27d2c95f2da0f14f95cb08851d62a597491534.js:0
[   73366ms] [WARNING] The 'deprecatedStyle' prop is deprecated. Please use the associated style props instead (e.g. "marginInline", "flex") @ https://sf16-website.neutral.ttwstatic.com/obj/tiktok_web_static/developers/build/vendors/112-1d6cb4d4aa1e5784-ce27d2c95f2da0f14f95cb08851d62a597491534.js:0
[   73524ms] [WARNING] The 'deprecatedStyle' prop is deprecated. Please use the associated style props instead (e.g. "marginInline", "flex") @ https://sf16-website.neutral.ttwstatic.com/obj/tiktok_web_static/developers/build/vendors/112-1d6cb4d4aa1e5784-ce27d2c95f2da0f14f95cb08851d62a597491534.js:0
[   73682ms] [WARNING] The 'deprecatedStyle' prop is deprecated. Please use the associated style props instead (e.g. "marginInline", "flex") @ https://sf16-website.neutral.ttwstatic.com/obj/tiktok_web_static/developers/build/vendors/112-1d6cb4d4aa1e5784-ce27d2c95f2da0f14f95cb08851d62a597491534.js:0
[   73726ms] [WARNING] The 'deprecatedStyle' prop is deprecated. Please use the associated style props instead (e.g. "marginInline", "flex") @ https://sf16-website.neutral.ttwstatic.com/obj/tiktok_web_static/developers/build/vendors/112-1d6cb4d4aa1e5784-ce27d2c95f2da0f14f95cb08851d62a597491534.js:0
[   73772ms] [WARNING] The 'deprecatedStyle' prop is deprecated. Please use the associated style props instead (e.g. "marginInline", "flex") @ https://sf16-website.neutral.ttwstatic.com/obj/tiktok_web_static/developers/build/vendors/112-1d6cb4d4aa1e5784-ce27d2c95f2da0f14f95cb08851d62a597491534.js:0
[   73862ms] [WARNING] The 'deprecatedStyle' prop is deprecated. Please use the associated style props instead (e.g. "marginInline", "flex") @ https://sf16-website.neutral.ttwstatic.com/obj/tiktok_web_static/developers/build/vendors/112-1d6cb4d4aa1e5784-ce27d2c95f2da0f14f95cb08851d62a597491534.js:0
[   73929ms] [WARNING] The 'deprecatedStyle' prop is deprecated. Please use the associated style props instead (e.g. "marginInline", "flex") @ https://sf16-website.neutral.ttwstatic.com/obj/tiktok_web_static/developers/build/vendors/112-1d6cb4d4aa1e5784-ce27d2c95f2da0f14f95cb08851d62a597491534.js:0
[   74019ms] [WARNING] The 'deprecatedStyle' prop is deprecated. Please use the associated style props instead (e.g. "marginInline", "flex") @ https://sf16-website.neutral.ttwstatic.com/obj/tiktok_web_static/developers/build/vendors/112-1d6cb4d4aa1e5784-ce27d2c95f2da0f14f95cb08851d62a597491534.js:0
[   74154ms] [WARNING] The 'deprecatedStyle' prop is deprecated. Please use the associated style props instead (e.g. "marginInline", "flex") @ https://sf16-website.neutral.ttwstatic.com/obj/tiktok_web_static/developers/build/vendors/112-1d6cb4d4aa1e5784-ce27d2c95f2da0f14f95cb08851d62a597491534.js:0
[   74289ms] [WARNING] The 'deprecatedStyle' prop is deprecated. Please use the associated style props instead (e.g. "marginInline", "flex") @ https://sf16-website.neutral.ttwstatic.com/obj/tiktok_web_static/developers/build/vendors/112-1d6cb4d4aa1e5784-ce27d2c95f2da0f14f95cb08851d62a597491534.js:0
[   74356ms] [WARNING] The 'deprecatedStyle' prop is deprecated. Please use the associated style props instead (e.g. "marginInline", "flex") @ https://sf16-website.neutral.ttwstatic.com/obj/tiktok_web_static/developers/build/vendors/112-1d6cb4d4aa1e5784-ce27d2c95f2da0f14f95cb08851d62a597491534.js:0
[   74492ms] [WARNING] The 'deprecatedStyle' prop is deprecated. Please use the associated style props instead (e.g. "marginInline", "flex") @ https://sf16-website.neutral.ttwstatic.com/obj/tiktok_web_static/developers/build/vendors/112-1d6cb4d4aa1e5784-ce27d2c95f2da0f14f95cb08851d62a597491534.js:0
[   74604ms] [WARNING] The 'deprecatedStyle' prop is deprecated. Please use the associated style props instead (e.g. "marginInline", "flex") @ https://sf16-website.neutral.ttwstatic.com/obj/tiktok_web_static/developers/build/vendors/112-1d6cb4d4aa1e5784-ce27d2c95f2da0f14f95cb08851d62a597491534.js:0
[   74717ms] [WARNING] The 'deprecatedStyle' prop is deprecated. Please use the associated style props instead (e.g. "marginInline", "flex") @ https://sf16-website.neutral.ttwstatic.com/obj/tiktok_web_static/developers/build/vendors/112-1d6cb4d4aa1e5784-ce27d2c95f2da0f14f95cb08851d62a597491534.js:0
[   74919ms] [WARNING] The 'deprecatedStyle' prop is deprecated. Please use the associated style props instead (e.g. "marginInline", "flex") @ https://sf16-website.neutral.ttwstatic.com/obj/tiktok_web_static/developers/build/vendors/112-1d6cb4d4aa1e5784-ce27d2c95f2da0f14f95cb08851d62a597491534.js:0
[   75076ms] [WARNING] The 'deprecatedStyle' prop is deprecated. Please use the associated style props instead (e.g. "marginInline", "flex") @ https://sf16-website.neutral.ttwstatic.com/obj/tiktok_web_static/developers/build/vendors/112-1d6cb4d4aa1e5784-ce27d2c95f2da0f14f95cb08851d62a597491534.js:0
[   75256ms] [WARNING] The 'deprecatedStyle' prop is deprecated. Please use the associated style props instead (e.g. "marginInline", "flex") @ https://sf16-website.neutral.ttwstatic.com/obj/tiktok_web_static/developers/build/vendors/112-1d6cb4d4aa1e5784-ce27d2c95f2da0f14f95cb08851d62a597491534.js:0
[   78297ms] [WARNING] The 'deprecatedStyle' prop is deprecated. Please use the associated style props instead (e.g. "marginInline", "flex") @ https://sf16-website.neutral.ttwstatic.com/obj/tiktok_web_static/developers/build/vendors/112-1d6cb4d4aa1e5784-ce27d2c95f2da0f14f95cb08851d62a597491534.js:0
[   78297ms] [WARNING] The 'deprecatedStyle' prop is deprecated. Please use the associated style props instead (e.g. "marginInline", "flex") @ https://sf16-website.neutral.ttwstatic.com/obj/tiktok_web_static/developers/build/vendors/112-1d6cb4d4aa1e5784-ce27d2c95f2da0f14f95cb08851d62a597491534.js:0
[   78299ms] [WARNING] The 'deprecatedStyle' prop is deprecated. Please use the associated style props instead (e.g. "marginInline", "flex") @ https://sf16-website.neutral.ttwstatic.com/obj/tiktok_web_static/developers/build/vendors/112-1d6cb4d4aa1e5784-ce27d2c95f2da0f14f95cb08851d62a597491534.js:0
[   95081ms] [WARNING] The 'deprecatedStyle' prop is deprecated. Please use the associated style props instead (e.g. "marginInline", "flex") @ https://sf16-website.neutral.ttwstatic.com/obj/tiktok_web_static/developers/build/vendors/112-1d6cb4d4aa1e5784-ce27d2c95f2da0f14f95cb08851d62a597491534.js:0
[   95081ms] [WARNING] The 'deprecatedStyle' prop is deprecated. Please use the associated style props instead (e.g. "marginInline", "flex") @ https://sf16-website.neutral.ttwstatic.com/obj/tiktok_web_static/developers/build/vendors/112-1d6cb4d4aa1e5784-ce27d2c95f2da0f14f95cb08851d62a597491534.js:0
[   95083ms] [WARNING] The 'deprecatedStyle' prop is deprecated. Please use the associated style props instead (e.g. "marginInline", "flex") @ https://sf16-website.neutral.ttwstatic.com/obj/tiktok_web_static/developers/build/vendors/112-1d6cb4d4aa1e5784-ce27d2c95f2da0f14f95cb08851d62a597491534.js:0
[  124255ms] [WARNING] The 'deprecatedStyle' prop is deprecated. Please use the associated style props instead (e.g. "marginInline", "flex") @ https://sf16-website.neutral.ttwstatic.com/obj/tiktok_web_static/developers/build/vendors/112-1d6cb4d4aa1e5784-ce27d2c95f2da0f14f95cb08851d62a597491534.js:0
[  124256ms] [WARNING] The 'deprecatedStyle' prop is deprecated. Please use the associated style props instead (e.g. "marginInline", "flex") @ https://sf16-website.neutral.ttwstatic.com/obj/tiktok_web_static/developers/build/vendors/112-1d6cb4d4aa1e5784-ce27d2c95f2da0f14f95cb08851d62a597491534.js:0
[  124258ms] [WARNING] The 'deprecatedStyle' prop is deprecated. Please use the associated style props instead (e.g. "marginInline", "flex") @ https://sf16-website.neutral.ttwstatic.com/obj/tiktok_web_static/developers/build/vendors/112-1d6cb4d4aa1e5784-ce27d2c95f2da0f14f95cb08851d62a597491534.js:0
[  125881ms] [WARNING] The 'deprecatedStyle' prop is deprecated. Please use the associated style props instead (e.g. "marginInline", "flex") @ https://sf16-website.neutral.ttwstatic.com/obj/tiktok_web_static/developers/build/vendors/112-1d6cb4d4aa1e5784-ce27d2c95f2da0f14f95cb08851d62a597491534.js:0
[  125882ms] [WARNING] The 'deprecatedStyle' prop is deprecated. Please use the associated style props instead (e.g. "marginInline", "flex") @ https://sf16-website.neutral.ttwstatic.com/obj/tiktok_web_static/developers/build/vendors/112-1d6cb4d4aa1e5784-ce27d2c95f2da0f14f95cb08851d62a597491534.js:0
[  125883ms] [WARNING] The 'deprecatedStyle' prop is deprecated. Please use the associated style props instead (e.g. "marginInline", "flex") @ https://sf16-website.neutral.ttwstatic.com/obj/tiktok_web_static/developers/build/vendors/112-1d6cb4d4aa1e5784-ce27d2c95f2da0f14f95cb08851d62a597491534.js:0
[  130203ms] [WARNING] The 'deprecatedStyle' prop is deprecated. Please use the associated style props instead (e.g. "marginInline", "flex") @ https://sf16-website.neutral.ttwstatic.com/obj/tiktok_web_static/developers/build/vendors/112-1d6cb4d4aa1e5784-ce27d2c95f2da0f14f95cb08851d62a597491534.js:0
[  130204ms] [WARNING] The 'deprecatedStyle' prop is deprecated. Please use the associated style props instead (e.g. "marginInline", "flex") @ https://sf16-website.neutral.ttwstatic.com/obj/tiktok_web_static/developers/build/vendors/112-1d6cb4d4aa1e5784-ce27d2c95f2da0f14f95cb08851d62a597491534.js:0
[  130206ms] [WARNING] The 'deprecatedStyle' prop is deprecated. Please use the associated style props instead (e.g. "marginInline", "flex") @ https://sf16-website.neutral.ttwstatic.com/obj/tiktok_web_static/developers/build/vendors/112-1d6cb4d4aa1e5784-ce27d2c95f2da0f14f95cb08851d62a597491534.js:0
[  133615ms] [WARNING] The 'deprecatedStyle' prop is deprecated. Please use the associated style props instead (e.g. "marginInline", "flex") @ https://sf16-website.neutral.ttwstatic.com/obj/tiktok_web_static/developers/build/vendors/112-1d6cb4d4aa1e5784-ce27d2c95f2da0f14f95cb08851d62a597491534.js:0
[  133615ms] [WARNING] The 'deprecatedStyle' prop is deprecated. Please use the associated style props instead (e.g. "marginInline", "flex") @ https://sf16-website.neutral.ttwstatic.com/obj/tiktok_web_static/developers/build/vendors/112-1d6cb4d4aa1e5784-ce27d2c95f2da0f14f95cb08851d62a597491534.js:0
[  133617ms] [WARNING] The 'deprecatedStyle' prop is deprecated. Please use the associated style props instead (e.g. "marginInline", "flex") @ https://sf16-website.neutral.ttwstatic.com/obj/tiktok_web_static/developers/build/vendors/112-1d6cb4d4aa1e5784-ce27d2c95f2da0f14f95cb08851d62a597491534.js:0
[  144679ms] [WARNING] The 'deprecatedStyle' prop is deprecated. Please use the associated style props instead (e.g. "marginInline", "flex") @ https://sf16-website.neutral.ttwstatic.com/obj/tiktok_web_static/developers/build/vendors/112-1d6cb4d4aa1e5784-ce27d2c95f2da0f14f95cb08851d62a597491534.js:0
[  144679ms] [WARNING] The 'deprecatedStyle' prop is deprecated. Please use the associated style props instead (e.g. "marginInline", "flex") @ https://sf16-website.neutral.ttwstatic.com/obj/tiktok_web_static/developers/build/vendors/112-1d6cb4d4aa1e5784-ce27d2c95f2da0f14f95cb08851d62a597491534.js:0
[  144682ms] [WARNING] The 'deprecatedStyle' prop is deprecated. Please use the associated style props instead (e.g. "marginInline", "flex") @ https://sf16-website.neutral.ttwstatic.com/obj/tiktok_web_static/developers/build/vendors/112-1d6cb4d4aa1e5784-ce27d2c95f2da0f14f95cb08851d62a597491534.js:0
[  144683ms] [WARNING] The 'deprecatedStyle' prop is deprecated. Please use the associated style props instead (e.g. "marginInline", "flex") @ https://sf16-website.neutral.ttwstatic.com/obj/tiktok_web_static/developers/build/vendors/112-1d6cb4d4aa1e5784-ce27d2c95f2da0f14f95cb08851d62a597491534.js:0
[  152240ms] [WARNING] The 'deprecatedStyle' prop is deprecated. Please use the associated style props instead (e.g. "marginInline", "flex") @ https://sf16-website.neutral.ttwstatic.com/obj/tiktok_web_static/developers/build/vendors/112-1d6cb4d4aa1e5784-ce27d2c95f2da0f14f95cb08851d62a597491534.js:0
[  152240ms] [WARNING] The 'deprecatedStyle' prop is deprecated. Please use the associated style props instead (e.g. "marginInline", "flex") @ https://sf16-website.neutral.ttwstatic.com/obj/tiktok_web_static/developers/build/vendors/112-1d6cb4d4aa1e5784-ce27d2c95f2da0f14f95cb08851d62a597491534.js:0
[  152243ms] [WARNING] The 'deprecatedStyle' prop is deprecated. Please use the associated style props instead (e.g. "marginInline", "flex") @ https://sf16-website.neutral.ttwstatic.com/obj/tiktok_web_static/developers/build/vendors/112-1d6cb4d4aa1e5784-ce27d2c95f2da0f14f95cb08851d62a597491534.js:0
[  152243ms] [WARNING] The 'deprecatedStyle' prop is deprecated. Please use the associated style props instead (e.g. "marginInline", "flex") @ https://sf16-website.neutral.ttwstatic.com/obj/tiktok_web_static/developers/build/vendors/112-1d6cb4d4aa1e5784-ce27d2c95f2da0f14f95cb08851d62a597491534.js:0
[  156623ms] [WARNING] The 'deprecatedStyle' prop is deprecated. Please use the associated style props instead (e.g. "marginInline", "flex") @ https://sf16-website.neutral.ttwstatic.com/obj/tiktok_web_static/developers/build/vendors/112-1d6cb4d4aa1e5784-ce27d2c95f2da0f14f95cb08851d62a597491534.js:0
[  156623ms] [WARNING] The 'deprecatedStyle' prop is deprecated. Please use the associated style props instead (e.g. "marginInline", "flex") @ https://sf16-website.neutral.ttwstatic.com/obj/tiktok_web_static/developers/build/vendors/112-1d6cb4d4aa1e5784-ce27d2c95f2da0f14f95cb08851d62a597491534.js:0
[  156625ms] [WARNING] The 'deprecatedStyle' prop is deprecated. Please use the associated style props instead (e.g. "marginInline", "flex") @ https://sf16-website.neutral.ttwstatic.com/obj/tiktok_web_static/developers/build/vendors/112-1d6cb4d4aa1e5784-ce27d2c95f2da0f14f95cb08851d62a597491534.js:0
[  156626ms] [WARNING] The 'deprecatedStyle' prop is deprecated. Please use the associated style props instead (e.g. "marginInline", "flex") @ https://sf16-website.neutral.ttwstatic.com/obj/tiktok_web_static/developers/build/vendors/112-1d6cb4d4aa1e5784-ce27d2c95f2da0f14f95cb08851d62a597491534.js:0
