[    3379ms] Error: Neither apiKey nor config.authenticator provided
    at Stripe._setAuthenticator (webpack-internal:///(app-pages-browser)/./node_modules/stripe/esm/stripe.core.js:176:23)
    at new Stripe (webpack-internal:///(app-pages-browser)/./node_modules/stripe/esm/stripe.core.js:112:14)
    at eval (webpack-internal:///(app-pages-browser)/./src/lib/stripe/client.ts:10:16)
    at (app-pages-browser)/./src/lib/stripe/client.ts (http://localhost:3003/_next/static/chunks/app/page.js:1233:1)
    at options.factory (http://localhost:3003/_next/static/chunks/webpack.js?v=1770703996304:715:31)
    at __webpack_require__ (http://localhost:3003/_next/static/chunks/webpack.js?v=1770703996304:37:33)
    at fn (http://localhost:3003/_next/static/chunks/webpack.js?v=1770703996304:371:21)
    at eval (webpack-internal:///(app-pages-browser)/./src/components/checkout/checkout-form.tsx:11:76)
    at (app-pages-browser)/./src/components/checkout/checkout-form.tsx (http://localhost:3003/_next/static/chunks/app/page.js:1057:1)
    at options.factory (http://localhost:3003/_next/static/chunks/webpack.js?v=1770703996304:715:31)
[    3380ms] [ERROR] Warning: An error occurred during hydration. The server HTML was replaced with client content in <%s>. #document @ webpack-internal:///(app-pages-browser)/./node_modules/next/dist/client/app-index.js:32
[    3382ms] Error: Neither apiKey nor config.authenticator provided
    at Stripe._setAuthenticator (webpack-internal:///(app-pages-browser)/./node_modules/stripe/esm/stripe.core.js:176:23)
    at new Stripe (webpack-internal:///(app-pages-browser)/./node_modules/stripe/esm/stripe.core.js:112:14)
    at eval (webpack-internal:///(app-pages-browser)/./src/lib/stripe/client.ts:10:16)
    at (app-pages-browser)/./src/lib/stripe/client.ts (http://localhost:3003/_next/static/chunks/app/page.js:1233:1)
    at options.factory (http://localhost:3003/_next/static/chunks/webpack.js?v=1770703996304:715:31)
    at __webpack_require__ (http://localhost:3003/_next/static/chunks/webpack.js?v=1770703996304:37:33)
    at fn (http://localhost:3003/_next/static/chunks/webpack.js?v=1770703996304:371:21)
    at eval (webpack-internal:///(app-pages-browser)/./src/components/checkout/checkout-form.tsx:11:76)
    at (app-pages-browser)/./src/components/checkout/checkout-form.tsx (http://localhost:3003/_next/static/chunks/app/page.js:1057:1)
    at options.factory (http://localhost:3003/_next/static/chunks/webpack.js?v=1770703996304:715:31)
[    3383ms] [ERROR] The above error occurred in the <ServerRoot> component:

    at ServerRoot (webpack-internal:///(app-pages-browser)/./node_modules/next/dist/client/app-index.js:112:27)
    at Root (webpack-internal:///(app-pages-browser)/./node_modules/next/dist/client/app-index.js:117:11)

Consider adding an error boundary to your tree to customize error handling behavior.
Visit https://reactjs.org/link/error-boundaries to learn more about error boundaries. @ webpack-internal:///(app-pages-browser)/./node_modules/next/dist/client/app-index.js:32
[    3384ms] Error: There was an error while hydrating. Because the error happened outside of a Suspense boundary, the entire root will switch to client rendering.
    at updateHostRoot (webpack-internal:///(app-pages-browser)/./node_modules/next/dist/compiled/react-dom/cjs/react-dom.development.js:16571:57)
    at beginWork$1 (webpack-internal:///(app-pages-browser)/./node_modules/next/dist/compiled/react-dom/cjs/react-dom.development.js:18486:14)
    at beginWork (webpack-internal:///(app-pages-browser)/./node_modules/next/dist/compiled/react-dom/cjs/react-dom.development.js:26927:14)
    at performUnitOfWork (webpack-internal:///(app-pages-browser)/./node_modules/next/dist/compiled/react-dom/cjs/react-dom.development.js:25748:12)
    at workLoopSync (webpack-internal:///(app-pages-browser)/./node_modules/next/dist/compiled/react-dom/cjs/react-dom.development.js:25464:5)
    at renderRootSync (webpack-internal:///(app-pages-browser)/./node_modules/next/dist/compiled/react-dom/cjs/react-dom.development.js:25419:7)
    at recoverFromConcurrentError (webpack-internal:///(app-pages-browser)/./node_modules/next/dist/compiled/react-dom/cjs/react-dom.development.js:24597:20)
    at performConcurrentWorkOnRoot (webpack-internal:///(app-pages-browser)/./node_modules/next/dist/compiled/react-dom/cjs/react-dom.development.js:24542:26)
    at workLoop (webpack-internal:///(app-pages-browser)/./node_modules/next/dist/compiled/scheduler/cjs/scheduler.development.js:256:34)
    at flushWork (webpack-internal:///(app-pages-browser)/./node_modules/next/dist/compiled/scheduler/cjs/scheduler.development.js:225:14)
[    3385ms] Error: Neither apiKey nor config.authenticator provided
    at Stripe._setAuthenticator (webpack-internal:///(app-pages-browser)/./node_modules/stripe/esm/stripe.core.js:176:23)
    at new Stripe (webpack-internal:///(app-pages-browser)/./node_modules/stripe/esm/stripe.core.js:112:14)
    at eval (webpack-internal:///(app-pages-browser)/./src/lib/stripe/client.ts:10:16)
    at (app-pages-browser)/./src/lib/stripe/client.ts (http://localhost:3003/_next/static/chunks/app/page.js:1233:1)
    at options.factory (http://localhost:3003/_next/static/chunks/webpack.js?v=1770703996304:715:31)
    at __webpack_require__ (http://localhost:3003/_next/static/chunks/webpack.js?v=1770703996304:37:33)
    at fn (http://localhost:3003/_next/static/chunks/webpack.js?v=1770703996304:371:21)
    at eval (webpack-internal:///(app-pages-browser)/./src/components/checkout/checkout-form.tsx:11:76)
    at (app-pages-browser)/./src/components/checkout/checkout-form.tsx (http://localhost:3003/_next/static/chunks/app/page.js:1057:1)
    at options.factory (http://localhost:3003/_next/static/chunks/webpack.js?v=1770703996304:715:31)
[    3385ms] Error: Neither apiKey nor config.authenticator provided
    at Stripe._setAuthenticator (webpack-internal:///(app-pages-browser)/./node_modules/stripe/esm/stripe.core.js:176:23)
    at new Stripe (webpack-internal:///(app-pages-browser)/./node_modules/stripe/esm/stripe.core.js:112:14)
    at eval (webpack-internal:///(app-pages-browser)/./src/lib/stripe/client.ts:10:16)
    at (app-pages-browser)/./src/lib/stripe/client.ts (http://localhost:3003/_next/static/chunks/app/page.js:1233:1)
    at options.factory (http://localhost:3003/_next/static/chunks/webpack.js?v=1770703996304:715:31)
    at __webpack_require__ (http://localhost:3003/_next/static/chunks/webpack.js?v=1770703996304:37:33)
    at fn (http://localhost:3003/_next/static/chunks/webpack.js?v=1770703996304:371:21)
    at eval (webpack-internal:///(app-pages-browser)/./src/components/checkout/checkout-form.tsx:11:76)
    at (app-pages-browser)/./src/components/checkout/checkout-form.tsx (http://localhost:3003/_next/static/chunks/app/page.js:1057:1)
    at options.factory (http://localhost:3003/_next/static/chunks/webpack.js?v=1770703996304:715:31)
[    3392ms] [ERROR] Failed to load resource: the server responded with a status of 404 (Not Found) @ http://localhost:3003/favicon.ico:0
[   37673ms] Error: Neither apiKey nor config.authenticator provided
    at Stripe._setAuthenticator (webpack-internal:///(app-pages-browser)/./node_modules/stripe/esm/stripe.core.js:176:23)
    at new Stripe (webpack-internal:///(app-pages-browser)/./node_modules/stripe/esm/stripe.core.js:112:14)
    at eval (webpack-internal:///(app-pages-browser)/./src/lib/stripe/client.ts:10:16)
    at (app-pages-browser)/./src/lib/stripe/client.ts (http://localhost:3003/_next/static/chunks/app/page.js:1233:1)
    at options.factory (http://localhost:3003/_next/static/chunks/webpack.js?v=1770704030839:715:31)
    at __webpack_require__ (http://localhost:3003/_next/static/chunks/webpack.js?v=1770704030839:37:33)
    at fn (http://localhost:3003/_next/static/chunks/webpack.js?v=1770704030839:371:21)
    at eval (webpack-internal:///(app-pages-browser)/./src/components/checkout/checkout-form.tsx:11:76)
    at (app-pages-browser)/./src/components/checkout/checkout-form.tsx (http://localhost:3003/_next/static/chunks/app/page.js:1057:1)
    at options.factory (http://localhost:3003/_next/static/chunks/webpack.js?v=1770704030839:715:31)
[   37676ms] [ERROR] Warning: An error occurred during hydration. The server HTML was replaced with client content in <%s>. #document @ webpack-internal:///(app-pages-browser)/./node_modules/next/dist/client/app-index.js:32
[   37675ms] Error: Neither apiKey nor config.authenticator provided
    at Stripe._setAuthenticator (webpack-internal:///(app-pages-browser)/./node_modules/stripe/esm/stripe.core.js:176:23)
    at new Stripe (webpack-internal:///(app-pages-browser)/./node_modules/stripe/esm/stripe.core.js:112:14)
    at eval (webpack-internal:///(app-pages-browser)/./src/lib/stripe/client.ts:10:16)
    at (app-pages-browser)/./src/lib/stripe/client.ts (http://localhost:3003/_next/static/chunks/app/page.js:1233:1)
    at options.factory (http://localhost:3003/_next/static/chunks/webpack.js?v=1770704030839:715:31)
    at __webpack_require__ (http://localhost:3003/_next/static/chunks/webpack.js?v=1770704030839:37:33)
    at fn (http://localhost:3003/_next/static/chunks/webpack.js?v=1770704030839:371:21)
    at eval (webpack-internal:///(app-pages-browser)/./src/components/checkout/checkout-form.tsx:11:76)
    at (app-pages-browser)/./src/components/checkout/checkout-form.tsx (http://localhost:3003/_next/static/chunks/app/page.js:1057:1)
    at options.factory (http://localhost:3003/_next/static/chunks/webpack.js?v=1770704030839:715:31)
[   37678ms] [ERROR] The above error occurred in the <ServerRoot> component:

    at ServerRoot (webpack-internal:///(app-pages-browser)/./node_modules/next/dist/client/app-index.js:112:27)
    at Root (webpack-internal:///(app-pages-browser)/./node_modules/next/dist/client/app-index.js:117:11)

Consider adding an error boundary to your tree to customize error handling behavior.
Visit https://reactjs.org/link/error-boundaries to learn more about error boundaries. @ webpack-internal:///(app-pages-browser)/./node_modules/next/dist/client/app-index.js:32
[   37676ms] Error: There was an error while hydrating. Because the error happened outside of a Suspense boundary, the entire root will switch to client rendering.
    at updateHostRoot (webpack-internal:///(app-pages-browser)/./node_modules/next/dist/compiled/react-dom/cjs/react-dom.development.js:16571:57)
    at beginWork$1 (webpack-internal:///(app-pages-browser)/./node_modules/next/dist/compiled/react-dom/cjs/react-dom.development.js:18486:14)
    at beginWork (webpack-internal:///(app-pages-browser)/./node_modules/next/dist/compiled/react-dom/cjs/react-dom.development.js:26927:14)
    at performUnitOfWork (webpack-internal:///(app-pages-browser)/./node_modules/next/dist/compiled/react-dom/cjs/react-dom.development.js:25748:12)
    at workLoopSync (webpack-internal:///(app-pages-browser)/./node_modules/next/dist/compiled/react-dom/cjs/react-dom.development.js:25464:5)
    at renderRootSync (webpack-internal:///(app-pages-browser)/./node_modules/next/dist/compiled/react-dom/cjs/react-dom.development.js:25419:7)
    at recoverFromConcurrentError (webpack-internal:///(app-pages-browser)/./node_modules/next/dist/compiled/react-dom/cjs/react-dom.development.js:24597:20)
    at performConcurrentWorkOnRoot (webpack-internal:///(app-pages-browser)/./node_modules/next/dist/compiled/react-dom/cjs/react-dom.development.js:24542:26)
    at workLoop (webpack-internal:///(app-pages-browser)/./node_modules/next/dist/compiled/scheduler/cjs/scheduler.development.js:256:34)
    at flushWork (webpack-internal:///(app-pages-browser)/./node_modules/next/dist/compiled/scheduler/cjs/scheduler.development.js:225:14)
[   37677ms] Error: Neither apiKey nor config.authenticator provided
    at Stripe._setAuthenticator (webpack-internal:///(app-pages-browser)/./node_modules/stripe/esm/stripe.core.js:176:23)
    at new Stripe (webpack-internal:///(app-pages-browser)/./node_modules/stripe/esm/stripe.core.js:112:14)
    at eval (webpack-internal:///(app-pages-browser)/./src/lib/stripe/client.ts:10:16)
    at (app-pages-browser)/./src/lib/stripe/client.ts (http://localhost:3003/_next/static/chunks/app/page.js:1233:1)
    at options.factory (http://localhost:3003/_next/static/chunks/webpack.js?v=1770704030839:715:31)
    at __webpack_require__ (http://localhost:3003/_next/static/chunks/webpack.js?v=1770704030839:37:33)
    at fn (http://localhost:3003/_next/static/chunks/webpack.js?v=1770704030839:371:21)
    at eval (webpack-internal:///(app-pages-browser)/./src/components/checkout/checkout-form.tsx:11:76)
    at (app-pages-browser)/./src/components/checkout/checkout-form.tsx (http://localhost:3003/_next/static/chunks/app/page.js:1057:1)
    at options.factory (http://localhost:3003/_next/static/chunks/webpack.js?v=1770704030839:715:31)
[   37678ms] Error: Neither apiKey nor config.authenticator provided
    at Stripe._setAuthenticator (webpack-internal:///(app-pages-browser)/./node_modules/stripe/esm/stripe.core.js:176:23)
    at new Stripe (webpack-internal:///(app-pages-browser)/./node_modules/stripe/esm/stripe.core.js:112:14)
    at eval (webpack-internal:///(app-pages-browser)/./src/lib/stripe/client.ts:10:16)
    at (app-pages-browser)/./src/lib/stripe/client.ts (http://localhost:3003/_next/static/chunks/app/page.js:1233:1)
    at options.factory (http://localhost:3003/_next/static/chunks/webpack.js?v=1770704030839:715:31)
    at __webpack_require__ (http://localhost:3003/_next/static/chunks/webpack.js?v=1770704030839:37:33)
    at fn (http://localhost:3003/_next/static/chunks/webpack.js?v=1770704030839:371:21)
    at eval (webpack-internal:///(app-pages-browser)/./src/components/checkout/checkout-form.tsx:11:76)
    at (app-pages-browser)/./src/components/checkout/checkout-form.tsx (http://localhost:3003/_next/static/chunks/app/page.js:1057:1)
    at options.factory (http://localhost:3003/_next/static/chunks/webpack.js?v=1770704030839:715:31)
